#
# There is insufficient memory for the Java Runtime Environment to continue.
# Native memory allocation (malloc) failed to allocate 1613600 bytes for Chunk::new
# Possible reasons:
#   The system is out of physical RAM or swap space
#   In 32 bit mode, the process size limit was hit
# Possible solutions:
#   Reduce memory load on the system
#   Increase physical memory or swap space
#   Check if swap backing store is full
#   Use 64 bit Java on a 64 bit OS
#   Decrease Java heap size (-Xmx/-Xms)
#   Decrease number of Java threads
#   Decrease Java thread stack sizes (-Xss)
#   Set larger code cache with -XX:ReservedCodeCacheSize=
# This output file may be truncated or incomplete.
#
#  Out of Memory Error (allocation.cpp:390), pid=18272, tid=0x00000000000049a4
#
# JRE version: Java(TM) SE Runtime Environment (8.0_191-b12) (build 1.8.0_191-b12)
# Java VM: Java HotSpot(TM) 64-Bit Server VM (25.191-b12 mixed mode windows-amd64 compressed oops)
# Failed to write core dump. Minidumps are not enabled by default on client versions of Windows
#

---------------  T H R E A D  ---------------

Current thread (0x00000000151ff800):  JavaThread "C2 CompilerThread1" daemon [_thread_in_native, id=18852, stack(0x0000000016c40000,0x0000000016d40000)]

Stack: [0x0000000016c40000,0x0000000016d40000]
[error occurred during error reporting (printing stack bounds), id 0xc0000005]

Native frames: (J=compiled Java code, j=interpreted, Vv=VM code, C=native code)


Current CompileTask:
C2:   8400 4049       4       java.net.URLClassLoader$1::run (5 bytes)


---------------  P R O C E S S  ---------------

Java Threads: ( => current thread )
  0x00000000165ba800 JavaThread "Service Thread" daemon [_thread_blocked, id=11428, stack(0x0000000016e40000,0x0000000016f40000)]
  0x0000000015203000 JavaThread "C1 CompilerThread2" daemon [_thread_blocked, id=19036, stack(0x0000000016d40000,0x0000000016e40000)]
=>0x00000000151ff800 JavaThread "C2 CompilerThread1" daemon [_thread_in_native, id=18852, stack(0x0000000016c40000,0x0000000016d40000)]
  0x000000001524c800 JavaThread "C2 CompilerThread0" daemon [_thread_in_native, id=3064, stack(0x0000000016b40000,0x0000000016c40000)]
  0x000000001524a800 JavaThread "Attach Listener" daemon [_thread_blocked, id=10372, stack(0x0000000016a40000,0x0000000016b40000)]
  0x0000000016550800 JavaThread "Signal Dispatcher" daemon [_thread_blocked, id=10676, stack(0x0000000016940000,0x0000000016a40000)]
  0x0000000002b7a800 JavaThread "Finalizer" daemon [_thread_blocked, id=22808, stack(0x0000000016440000,0x0000000016540000)]
  0x0000000002b72000 JavaThread "Reference Handler" daemon [_thread_blocked, id=26660, stack(0x0000000016340000,0x0000000016440000)]
  0x000000000297e000 JavaThread "main" [_thread_in_vm, id=14684, stack(0x0000000002980000,0x0000000002a80000)]

Other Threads:
  0x00000000151b6000 VMThread [stack: 0x0000000016240000,0x0000000016340000] [id=10064]
  0x00000000165df000 WatcherThread [stack: 0x0000000016f40000,0x0000000017040000] [id=24796]

VM state:not at safepoint (normal execution)

VM Mutex/Monitor currently owned by a thread: None

Heap:
 PSYoungGen      total 140288K, used 72693K [0x00000000eae00000, 0x00000000f4000000, 0x0000000100000000)
  eden space 131072K, 55% used [0x00000000eae00000,0x00000000ef4fd610,0x00000000f2e00000)
  from space 9216K, 0% used [0x00000000f3700000,0x00000000f3700000,0x00000000f4000000)
  to   space 9216K, 0% used [0x00000000f2e00000,0x00000000f2e00000,0x00000000f3700000)
 ParOldGen       total 38912K, used 11522K [0x00000000c0a00000, 0x00000000c3000000, 0x00000000eae00000)
  object space 38912K, 29% used [0x00000000c0a00000,0x00000000c1540ae0,0x00000000c3000000)
 Metaspace       used 26379K, capacity 26974K, committed 27264K, reserved 1073152K
  class space    used 3153K, capacity 3345K, committed 3456K, reserved 1048576K

Card table byte_map: [0x0000000011f40000,0x0000000012140000] byte_map_base: 0x000000001193b000

Marking Bits: (ParMarkBitMap*) 0x0000000052323e30
 Begin Bits: [0x00000000126a0000, 0x0000000013678000)
 End Bits:   [0x0000000013678000, 0x0000000014650000)

Polling page: 0x0000000000810000

CodeCache: size=245760Kb used=12616Kb max_used=13652Kb free=233143Kb
 bounds [0x0000000002b80000, 0x00000000038f0000, 0x0000000011b80000]
 total_blobs=4193 nmethods=3763 adapters=340
 compilation: enabled

Compilation events (10 events):
Event: 8.391 Thread 0x0000000015203000 nmethod 4299 0x0000000003195510 code [0x0000000003195680, 0x0000000003195888]
Event: 8.391 Thread 0x0000000015203000 4300       3       javax.management.StandardMBean::equal (23 bytes)
Event: 8.392 Thread 0x0000000015203000 nmethod 4300 0x00000000031de250 code [0x00000000031de3c0, 0x00000000031de688]
Event: 8.395 Thread 0x0000000015203000 4301       3       sun.reflect.DelegatingConstructorAccessorImpl::setDelegate (6 bytes)
Event: 8.395 Thread 0x0000000015203000 nmethod 4301 0x000000000323d1d0 code [0x000000000323d320, 0x000000000323d490]
Event: 8.395 Thread 0x0000000015203000 4302       3       java.util.TreeMap::values (25 bytes)
Event: 8.395 Thread 0x0000000015203000 nmethod 4302 0x000000000323cbd0 code [0x000000000323cd40, 0x000000000323d070]
Event: 8.395 Thread 0x0000000015203000 4303       3       java.util.TreeMap$Values::<init> (10 bytes)
Event: 8.395 Thread 0x0000000015203000 nmethod 4303 0x000000000323c750 code [0x000000000323c8c0, 0x000000000323caf0]
Event: 8.396 Thread 0x0000000015203000 4304       3       javax.management.ImmutableDescriptor::<init> (210 bytes)

GC Heap History (10 events):
Event: 3.150 GC heap before
{Heap before GC invocations=5 (full 0):
 PSYoungGen      total 35328K, used 35320K [0x00000000eae00000, 0x00000000ed300000, 0x0000000100000000)
  eden space 32768K, 100% used [0x00000000eae00000,0x00000000ece00000,0x00000000ece00000)
  from space 2560K, 99% used [0x00000000ed080000,0x00000000ed2fe030,0x00000000ed300000)
  to   space 2560K, 0% used [0x00000000ece00000,0x00000000ece00000,0x00000000ed080000)
 ParOldGen       total 44032K, used 7074K [0x00000000c0a00000, 0x00000000c3500000, 0x00000000eae00000)
  object space 44032K, 16% used [0x00000000c0a00000,0x00000000c10e8a88,0x00000000c3500000)
 Metaspace       used 15572K, capacity 15850K, committed 16128K, reserved 1062912K
  class space    used 1900K, capacity 2007K, committed 2048K, reserved 1048576K
Event: 3.166 GC heap after
Heap after GC invocations=5 (full 0):
 PSYoungGen      total 35328K, used 2536K [0x00000000eae00000, 0x00000000efd00000, 0x0000000100000000)
  eden space 32768K, 0% used [0x00000000eae00000,0x00000000eae00000,0x00000000ece00000)
  from space 2560K, 99% used [0x00000000ece00000,0x00000000ed07a020,0x00000000ed080000)
  to   space 7680K, 0% used [0x00000000ef580000,0x00000000ef580000,0x00000000efd00000)
 ParOldGen       total 44032K, used 11571K [0x00000000c0a00000, 0x00000000c3500000, 0x00000000eae00000)
  object space 44032K, 26% used [0x00000000c0a00000,0x00000000c154cf08,0x00000000c3500000)
 Metaspace       used 15572K, capacity 15850K, committed 16128K, reserved 1062912K
  class space    used 1900K, capacity 2007K, committed 2048K, reserved 1048576K
}
Event: 3.776 GC heap before
{Heap before GC invocations=6 (full 0):
 PSYoungGen      total 35328K, used 35304K [0x00000000eae00000, 0x00000000efd00000, 0x0000000100000000)
  eden space 32768K, 100% used [0x00000000eae00000,0x00000000ece00000,0x00000000ece00000)
  from space 2560K, 99% used [0x00000000ece00000,0x00000000ed07a020,0x00000000ed080000)
  to   space 7680K, 0% used [0x00000000ef580000,0x00000000ef580000,0x00000000efd00000)
 ParOldGen       total 44032K, used 11571K [0x00000000c0a00000, 0x00000000c3500000, 0x00000000eae00000)
  object space 44032K, 26% used [0x00000000c0a00000,0x00000000c154cf08,0x00000000c3500000)
 Metaspace       used 16289K, capacity 16628K, committed 17024K, reserved 1064960K
  class space    used 1974K, capacity 2050K, committed 2176K, reserved 1048576K
Event: 3.788 GC heap after
Heap after GC invocations=6 (full 0):
 PSYoungGen      total 72192K, used 5036K [0x00000000eae00000, 0x00000000efc00000, 0x0000000100000000)
  eden space 65536K, 0% used [0x00000000eae00000,0x00000000eae00000,0x00000000eee00000)
  from space 6656K, 75% used [0x00000000ef580000,0x00000000efa6b008,0x00000000efc00000)
  to   space 7168K, 0% used [0x00000000eee00000,0x00000000eee00000,0x00000000ef500000)
 ParOldGen       total 44032K, used 11579K [0x00000000c0a00000, 0x00000000c3500000, 0x00000000eae00000)
  object space 44032K, 26% used [0x00000000c0a00000,0x00000000c154ef08,0x00000000c3500000)
 Metaspace       used 16289K, capacity 16628K, committed 17024K, reserved 1064960K
  class space    used 1974K, capacity 2050K, committed 2176K, reserved 1048576K
}
Event: 5.312 GC heap before
{Heap before GC invocations=7 (full 0):
 PSYoungGen      total 72192K, used 70572K [0x00000000eae00000, 0x00000000efc00000, 0x0000000100000000)
  eden space 65536K, 100% used [0x00000000eae00000,0x00000000eee00000,0x00000000eee00000)
  from space 6656K, 75% used [0x00000000ef580000,0x00000000efa6b008,0x00000000efc00000)
  to   space 7168K, 0% used [0x00000000eee00000,0x00000000eee00000,0x00000000ef500000)
 ParOldGen       total 44032K, used 11579K [0x00000000c0a00000, 0x00000000c3500000, 0x00000000eae00000)
  object space 44032K, 26% used [0x00000000c0a00000,0x00000000c154ef08,0x00000000c3500000)
 Metaspace       used 18216K, capacity 18716K, committed 18944K, reserved 1067008K
  class space    used 2177K, capacity 2300K, committed 2304K, reserved 1048576K
Event: 5.334 GC heap after
Heap after GC invocations=7 (full 0):
 PSYoungGen      total 72704K, used 7157K [0x00000000eae00000, 0x00000000f4000000, 0x0000000100000000)
  eden space 65536K, 0% used [0x00000000eae00000,0x00000000eae00000,0x00000000eee00000)
  from space 7168K, 99% used [0x00000000eee00000,0x00000000ef4fd640,0x00000000ef500000)
  to   space 9216K, 0% used [0x00000000f3700000,0x00000000f3700000,0x00000000f4000000)
 ParOldGen       total 44032K, used 13527K [0x00000000c0a00000, 0x00000000c3500000, 0x00000000eae00000)
  object space 44032K, 30% used [0x00000000c0a00000,0x00000000c1735f78,0x00000000c3500000)
 Metaspace       used 18216K, capacity 18716K, committed 18944K, reserved 1067008K
  class space    used 2177K, capacity 2300K, committed 2304K, reserved 1048576K
}
Event: 5.719 GC heap before
{Heap before GC invocations=8 (full 0):
 PSYoungGen      total 72704K, used 19066K [0x00000000eae00000, 0x00000000f4000000, 0x0000000100000000)
  eden space 65536K, 18% used [0x00000000eae00000,0x00000000eb9a14a0,0x00000000eee00000)
  from space 7168K, 99% used [0x00000000eee00000,0x00000000ef4fd640,0x00000000ef500000)
  to   space 9216K, 0% used [0x00000000f3700000,0x00000000f3700000,0x00000000f4000000)
 ParOldGen       total 44032K, used 13527K [0x00000000c0a00000, 0x00000000c3500000, 0x00000000eae00000)
  object space 44032K, 30% used [0x00000000c0a00000,0x00000000c1735f78,0x00000000c3500000)
 Metaspace       used 20659K, capacity 21216K, committed 21296K, reserved 1069056K
  class space    used 2499K, capacity 2668K, committed 2688K, reserved 1048576K
Event: 5.734 GC heap after
Heap after GC invocations=8 (full 0):
 PSYoungGen      total 140288K, used 7193K [0x00000000eae00000, 0x00000000f4000000, 0x0000000100000000)
  eden space 131072K, 0% used [0x00000000eae00000,0x00000000eae00000,0x00000000f2e00000)
  from space 9216K, 78% used [0x00000000f3700000,0x00000000f3e06768,0x00000000f4000000)
  to   space 9216K, 0% used [0x00000000f2e00000,0x00000000f2e00000,0x00000000f3700000)
 ParOldGen       total 44032K, used 14153K [0x00000000c0a00000, 0x00000000c3500000, 0x00000000eae00000)
  object space 44032K, 32% used [0x00000000c0a00000,0x00000000c17d27a8,0x00000000c3500000)
 Metaspace       used 20659K, capacity 21216K, committed 21296K, reserved 1069056K
  class space    used 2499K, capacity 2668K, committed 2688K, reserved 1048576K
}
Event: 5.734 GC heap before
{Heap before GC invocations=9 (full 1):
 PSYoungGen      total 140288K, used 7193K [0x00000000eae00000, 0x00000000f4000000, 0x0000000100000000)
  eden space 131072K, 0% used [0x00000000eae00000,0x00000000eae00000,0x00000000f2e00000)
  from space 9216K, 78% used [0x00000000f3700000,0x00000000f3e06768,0x00000000f4000000)
  to   space 9216K, 0% used [0x00000000f2e00000,0x00000000f2e00000,0x00000000f3700000)
 ParOldGen       total 44032K, used 14153K [0x00000000c0a00000, 0x00000000c3500000, 0x00000000eae00000)
  object space 44032K, 32% used [0x00000000c0a00000,0x00000000c17d27a8,0x00000000c3500000)
 Metaspace       used 20659K, capacity 21216K, committed 21296K, reserved 1069056K
  class space    used 2499K, capacity 2668K, committed 2688K, reserved 1048576K
Event: 5.813 GC heap after
Heap after GC invocations=9 (full 1):
 PSYoungGen      total 140288K, used 0K [0x00000000eae00000, 0x00000000f4000000, 0x0000000100000000)
  eden space 131072K, 0% used [0x00000000eae00000,0x00000000eae00000,0x00000000f2e00000)
  from space 9216K, 0% used [0x00000000f3700000,0x00000000f3700000,0x00000000f4000000)
  to   space 9216K, 0% used [0x00000000f2e00000,0x00000000f2e00000,0x00000000f3700000)
 ParOldGen       total 38912K, used 11522K [0x00000000c0a00000, 0x00000000c3000000, 0x00000000eae00000)
  object space 38912K, 29% used [0x00000000c0a00000,0x00000000c1540ae0,0x00000000c3000000)
 Metaspace       used 20659K, capacity 21216K, committed 21296K, reserved 1069056K
  class space    used 2499K, capacity 2668K, committed 2688K, reserved 1048576K
}

Deoptimization events (10 events):
Event: 8.150 Thread 0x000000000297e000 Uncommon trap: reason=bimorphic action=maybe_recompile pc=0x0000000003692380 method=java.util.LinkedHashMap.afterNodeInsertion(Z)V @ 15
Event: 8.161 Thread 0x000000000297e000 Uncommon trap: reason=bimorphic action=maybe_recompile pc=0x0000000003692380 method=java.util.LinkedHashMap.afterNodeInsertion(Z)V @ 15
Event: 8.302 Thread 0x000000000297e000 Uncommon trap: reason=unstable_if action=reinterpret pc=0x0000000002e08860 method=java.util.Properties.loadConvert([CII[C)Ljava/lang/String; @ 57
Event: 8.327 Thread 0x000000000297e000 Uncommon trap: reason=class_check action=maybe_recompile pc=0x0000000003315d00 method=java.util.Hashtable.get(Ljava/lang/Object;)Ljava/lang/Object; @ 6
Event: 8.328 Thread 0x000000000297e000 Uncommon trap: reason=class_check action=maybe_recompile pc=0x0000000003310b6c method=java.util.Hashtable.put(Ljava/lang/Object;Ljava/lang/Object;)Ljava/lang/Object; @ 18
Event: 8.328 Thread 0x000000000297e000 Uncommon trap: reason=class_check action=maybe_recompile pc=0x0000000003315d00 method=java.util.Hashtable.get(Ljava/lang/Object;)Ljava/lang/Object; @ 6
Event: 8.328 Thread 0x000000000297e000 Uncommon trap: reason=class_check action=maybe_recompile pc=0x0000000003315d00 method=java.util.Hashtable.get(Ljava/lang/Object;)Ljava/lang/Object; @ 6
Event: 8.330 Thread 0x000000000297e000 Uncommon trap: reason=class_check action=maybe_recompile pc=0x0000000003310b6c method=java.util.Hashtable.put(Ljava/lang/Object;Ljava/lang/Object;)Ljava/lang/Object; @ 18
Event: 8.330 Thread 0x000000000297e000 Uncommon trap: reason=class_check action=maybe_recompile pc=0x0000000003315d00 method=java.util.Hashtable.get(Ljava/lang/Object;)Ljava/lang/Object; @ 6
Event: 8.361 Thread 0x000000000297e000 Uncommon trap: reason=unstable_if action=reinterpret pc=0x0000000003196d2c method=java.lang.reflect.Field.get(Ljava/lang/Object;)Ljava/lang/Object; @ 4

Classes redefined (0 events):
No events

Internal exceptions (10 events):
Event: 3.047 Thread 0x000000000297e000 Implicit null exception at 0x0000000002f5f86f to 0x0000000002f5f8d9
Event: 3.049 Thread 0x000000000297e000 Implicit null exception at 0x00000000031e1c15 to 0x00000000031e1e19
Event: 3.050 Thread 0x000000000297e000 Implicit null exception at 0x000000000318f9ab to 0x000000000319019d
Event: 3.050 Thread 0x000000000297e000 Implicit null exception at 0x0000000002f0125b to 0x0000000002f016c5
Event: 5.526 Thread 0x000000000297e000 Exception <a 'java/lang/ClassNotFoundException': com/sun/tools/javac/api/JavacTool> (0x00000000eb272598) thrown at [C:\re\workspace\8-2-build-windows-amd64-cygwin\jdk8u191\11896\hotspot\src\share\vm\classfile\systemDictionary.cpp, line 210]
Event: 6.174 Thread 0x000000000297e000 Exception <a 'java/io/FileNotFoundException'> (0x00000000ebb57af0) thrown at [C:\re\workspace\8-2-build-windows-amd64-cygwin\jdk8u191\11896\hotspot\src\share\vm\prims\jni.cpp, line 709]
Event: 6.179 Thread 0x000000000297e000 Exception <a 'java/io/FileNotFoundException'> (0x00000000ebb8c098) thrown at [C:\re\workspace\8-2-build-windows-amd64-cygwin\jdk8u191\11896\hotspot\src\share\vm\prims\jni.cpp, line 709]
Event: 7.420 Thread 0x000000000297e000 Exception <a 'java/io/FileNotFoundException'> (0x00000000edc1e350) thrown at [C:\re\workspace\8-2-build-windows-amd64-cygwin\jdk8u191\11896\hotspot\src\share\vm\prims\jni.cpp, line 709]
Event: 7.421 Thread 0x000000000297e000 Exception <a 'java/io/FileNotFoundException'> (0x00000000edc1f8a0) thrown at [C:\re\workspace\8-2-build-windows-amd64-cygwin\jdk8u191\11896\hotspot\src\share\vm\prims\jni.cpp, line 709]
Event: 8.105 Thread 0x000000000297e000 Exception <a 'java/io/FileNotFoundException'> (0x00000000ee9020f0) thrown at [C:\re\workspace\8-2-build-windows-amd64-cygwin\jdk8u191\11896\hotspot\src\share\vm\prims\jni.cpp, line 709]

Events (10 events):
Event: 8.394 loading class java/lang/management/ManagementFactory$3
Event: 8.394 loading class java/lang/management/ManagementFactory$3 done
Event: 8.394 loading class sun/management/DiagnosticCommandImpl$OperationInfoComparator
Event: 8.394 loading class sun/management/DiagnosticCommandImpl$OperationInfoComparator done
Event: 8.394 loading class sun/management/DiagnosticCommandInfo
Event: 8.394 loading class sun/management/DiagnosticCommandInfo done
Event: 8.394 loading class sun/management/DiagnosticCommandArgumentInfo
Event: 8.394 loading class sun/management/DiagnosticCommandArgumentInfo done
Event: 8.394 loading class sun/management/DiagnosticCommandImpl$Wrapper
Event: 8.394 loading class sun/management/DiagnosticCommandImpl$Wrapper done


Dynamic libraries:
0x00007ff739090000 - 0x00007ff7390c7000 	D:\Java\jdk1.8.0_191\jre\bin\javaw.exe
0x00007ffec7b80000 - 0x00007ffec7d61000 	C:\Windows\SYSTEM32\ntdll.dll
0x00007ffec63e0000 - 0x00007ffec6492000 	C:\Windows\System32\KERNEL32.DLL
0x00007ffec3f50000 - 0x00007ffec41c3000 	C:\Windows\System32\KERNELBASE.dll
0x00007ffec6250000 - 0x00007ffec62f1000 	C:\Windows\System32\ADVAPI32.dll
0x00007ffec5620000 - 0x00007ffec56be000 	C:\Windows\System32\msvcrt.dll
0x00007ffec6310000 - 0x00007ffec636b000 	C:\Windows\System32\sechost.dll
0x00007ffec64e0000 - 0x00007ffec6604000 	C:\Windows\System32\RPCRT4.dll
0x00007ffec5790000 - 0x00007ffec5920000 	C:\Windows\System32\USER32.dll
0x00007ffec48e0000 - 0x00007ffec4900000 	C:\Windows\System32\win32u.dll
0x00007ffec64b0000 - 0x00007ffec64d8000 	C:\Windows\System32\GDI32.dll
0x00007ffec4900000 - 0x00007ffec4a92000 	C:\Windows\System32\gdi32full.dll
0x00007ffec4d40000 - 0x00007ffec4ddf000 	C:\Windows\System32\msvcp_win.dll
0x00007ffec4e60000 - 0x00007ffec4f5a000 	C:\Windows\System32\ucrtbase.dll
0x00007ffebd1b0000 - 0x00007ffebd419000 	C:\Windows\WinSxS\amd64_microsoft.windows.common-controls_6595b64144ccf1df_6.0.17134.376_none_fb439a3730647da2\COMCTL32.dll
0x00007ffec5170000 - 0x00007ffec5493000 	C:\Windows\System32\combase.dll
0x00007ffec4de0000 - 0x00007ffec4e5a000 	C:\Windows\System32\bcryptPrimitives.dll
0x00007ffec6110000 - 0x00007ffec613d000 	C:\Windows\System32\IMM32.DLL
0x0000000052fe0000 - 0x00000000530b2000 	D:\Java\jdk1.8.0_191\jre\bin\msvcr100.dll
0x0000000051b00000 - 0x00000000523a4000 	D:\Java\jdk1.8.0_191\jre\bin\server\jvm.dll
0x00007ffec6300000 - 0x00007ffec6308000 	C:\Windows\System32\PSAPI.DLL
0x00007ffebcc60000 - 0x00007ffebcc83000 	C:\Windows\SYSTEM32\WINMM.dll
0x00007ffebfbc0000 - 0x00007ffebfbca000 	C:\Windows\SYSTEM32\VERSION.dll
0x00007ffeb9ef0000 - 0x00007ffeb9f1a000 	C:\Windows\SYSTEM32\winmmbase.dll
0x00007ffec4aa0000 - 0x00007ffec4ae9000 	C:\Windows\System32\cfgmgr32.dll
0x00007ffeb9ab0000 - 0x00007ffeb9ab9000 	C:\Windows\SYSTEM32\WSOCK32.dll
0x00007ffec6140000 - 0x00007ffec61ac000 	C:\Windows\System32\WS2_32.dll
0x0000000052fd0000 - 0x0000000052fdf000 	D:\Java\jdk1.8.0_191\jre\bin\verify.dll
0x0000000052fa0000 - 0x0000000052fc9000 	D:\Java\jdk1.8.0_191\jre\bin\java.dll
0x0000000052f80000 - 0x0000000052f96000 	D:\Java\jdk1.8.0_191\jre\bin\zip.dll
0x00007ffec6710000 - 0x00007ffec7b4f000 	C:\Windows\System32\SHELL32.dll
0x00007ffec5920000 - 0x00007ffec59c9000 	C:\Windows\System32\shcore.dll
0x00007ffec41d0000 - 0x00007ffec48dd000 	C:\Windows\System32\windows.storage.dll
0x00007ffec60b0000 - 0x00007ffec6101000 	C:\Windows\System32\shlwapi.dll
0x00007ffec3e90000 - 0x00007ffec3ea1000 	C:\Windows\System32\kernel.appcore.dll
0x00007ffec3f00000 - 0x00007ffec3f1f000 	C:\Windows\System32\profapi.dll
0x00007ffec3eb0000 - 0x00007ffec3efc000 	C:\Windows\System32\powrprof.dll
0x00007ffec3f40000 - 0x00007ffec3f4a000 	C:\Windows\System32\FLTLIB.DLL
0x00007ffec38a0000 - 0x00007ffec38b7000 	C:\Windows\SYSTEM32\CRYPTSP.dll
0x00007ffec3270000 - 0x00007ffec32a3000 	C:\Windows\system32\rsaenh.dll
0x00007ffec39d0000 - 0x00007ffec39f5000 	C:\Windows\SYSTEM32\bcrypt.dll
0x00007ffec3dc0000 - 0x00007ffec3de8000 	C:\Windows\SYSTEM32\USERENV.dll
0x00007ffec38c0000 - 0x00007ffec38cb000 	C:\Windows\SYSTEM32\CRYPTBASE.dll
0x0000000052f60000 - 0x0000000052f7a000 	D:\Java\jdk1.8.0_191\jre\bin\net.dll
0x00007ffec36f0000 - 0x00007ffec3756000 	C:\Windows\system32\mswsock.dll
0x00007ffec3470000 - 0x00007ffec34a8000 	C:\Windows\SYSTEM32\IPHLPAPI.DLL
0x00007ffec63d0000 - 0x00007ffec63d8000 	C:\Windows\System32\NSI.dll
0x00007ffebebd0000 - 0x00007ffebebe6000 	C:\Windows\SYSTEM32\dhcpcsvc6.DLL
0x00007ffebebb0000 - 0x00007ffebebca000 	C:\Windows\SYSTEM32\dhcpcsvc.DLL
0x0000000052f40000 - 0x0000000052f51000 	D:\Java\jdk1.8.0_191\jre\bin\nio.dll
0x00007ffeb5f10000 - 0x00007ffeb5f1a000 	C:\Users\Ruimeng Jin\AppData\Local\Temp\jansi-1.17.1-9075490519681175669.dll
0x00007ffeb5850000 - 0x00007ffeb585a000 	C:\Users\Ruimeng Jin\AppData\Local\Temp\jansi-1.17.1-7180541226018990758.dll
0x0000000052f30000 - 0x0000000052f3d000 	D:\Java\jdk1.8.0_191\jre\bin\management.dll

VM Arguments:
jvm_args: -Dmaven.home=E:\workspace\apache-maven-3.5.4 -Dclassworlds.conf=E:\workspace\Java\.metadata\.plugins\org.eclipse.m2e.launching\launches\m2conf8098307310265887208.tmp -Dmaven.multiModuleProjectDirectory=E:\workspace\Java\e3-content -Dfile.encoding=UTF-8 
java_command: org.codehaus.plexus.classworlds.launcher.Launcher -B -s E:\workspace\apache-maven-3.5.4\conf\settings.xml clean tomcat7:run
java_class_path (initial): E:\workspace\apache-maven-3.5.4\boot\plexus-classworlds-2.5.2.jar
Launcher Type: SUN_STANDARD

Environment Variables:
JAVA_HOME=D:\Java\jdk-10.0.2
CLASSPATH=.;D:\Java\jdk-10.0.2\lib;D:\Java\jdk-10.0.2\lib\tools.jar
PATH=D:/Java/jdk-10.0.2/bin/server;D:/Java/jdk-10.0.2/bin;C:\Program Files (x86)\Common Files\Oracle\Java\javapath;C:\Windows\system32;C:\Windows;C:\Windows\System32\Wbem;C:\Windows\System32\WindowsPowerShell\v1.0\;C:\Windows\System32\OpenSSH\;C:\Program Files (x86)\NVIDIA Corporation\PhysX\Common;D:\Java\jdk-10.0.2\bin;D:\Java\jdk-10.0.2\jre\bin;D:\Subversion\bin;D:\SVN\Subversion\bin;D:\SVN\TortoiseSVN\bin;D:\Git\cmd;C:\Users\Ruimeng Jin\AppData\Local\Microsoft\WindowsApps;E:\Users\Ruimeng Jin\workspace\apache-maven-3.5.4\bin;;D:\eclipse;
USERNAME=Ruimeng Jin
OS=Windows_NT
PROCESSOR_IDENTIFIER=Intel64 Family 6 Model 42 Stepping 7, GenuineIntel



---------------  S Y S T E M  ---------------

OS: Windows 10.0 , 64 bit Build 17134 (10.0.17134.1)

CPU:total 4 (initial active 4) (2 cores per cpu, 2 threads per core) family 6 model 42 stepping 7, cmov, cx8, fxsr, mmx, sse, sse2, sse3, ssse3, sse4.1, sse4.2, popcnt, avx, clmul, ht, tsc, tscinvbit

Memory: 4k page, physical 4149248k(376752k free), swap 16732160k(6564k free)

vm_info: Java HotSpot(TM) 64-Bit Server VM (25.191-b12) for windows-amd64 JRE (1.8.0_191-b12), built on Oct  6 2018 09:29:03 by "java_re" with MS VC++ 10.0 (VS2010)

time: Sun Nov 18 20:29:08 2018
elapsed time: 8 seconds (0d 0h 0m 8s)

