#
# There is insufficient memory for the Java Runtime Environment to continue.
# Native memory allocation (malloc) failed to allocate 1360656 bytes for Chunk::new
# Possible reasons:
#   The system is out of physical RAM or swap space
#   In 32 bit mode, the process size limit was hit
# Possible solutions:
#   Reduce memory load on the system
#   Increase physical memory or swap space
#   Check if swap backing store is full
#   Use 64 bit Java on a 64 bit OS
#   Decrease Java heap size (-Xmx/-Xms)
#   Decrease number of Java threads
#   Decrease Java thread stack sizes (-Xss)
#   Set larger code cache with -XX:ReservedCodeCacheSize=
# This output file may be truncated or incomplete.
#
#  Out of Memory Error (allocation.cpp:390), pid=2484, tid=0x00000000000062c4
#
# JRE version: Java(TM) SE Runtime Environment (8.0_191-b12) (build 1.8.0_191-b12)
# Java VM: Java HotSpot(TM) 64-Bit Server VM (25.191-b12 mixed mode windows-amd64 compressed oops)
# Failed to write core dump. Minidumps are not enabled by default on client versions of Windows
#

---------------  T H R E A D  ---------------

Current thread (0x000000001535e000):  JavaThread "C2 CompilerThread1" daemon [_thread_in_native, id=25284, stack(0x0000000016dc0000,0x0000000016ec0000)]

Stack: [0x0000000016dc0000,0x0000000016ec0000]
[error occurred during error reporting (printing stack bounds), id 0xc0000005]

Native frames: (J=compiled Java code, j=interpreted, Vv=VM code, C=native code)


Current CompileTask:
C2:   5550 3190       4       java.net.URLClassLoader$1::run (5 bytes)


---------------  P R O C E S S  ---------------

Java Threads: ( => current thread )
  0x0000000016747000 JavaThread "Service Thread" daemon [_thread_blocked, id=8668, stack(0x0000000016fc0000,0x00000000170c0000)]
  0x0000000015365000 JavaThread "C1 CompilerThread2" daemon [_thread_blocked, id=19852, stack(0x0000000016ec0000,0x0000000016fc0000)]
=>0x000000001535e000 JavaThread "C2 CompilerThread1" daemon [_thread_in_native, id=25284, stack(0x0000000016dc0000,0x0000000016ec0000)]
  0x00000000153ad800 JavaThread "C2 CompilerThread0" daemon [_thread_in_native, id=9640, stack(0x0000000016cc0000,0x0000000016dc0000)]
  0x00000000153ab800 JavaThread "Attach Listener" daemon [_thread_blocked, id=17528, stack(0x0000000016bc0000,0x0000000016cc0000)]
  0x00000000166d0800 JavaThread "Signal Dispatcher" daemon [_thread_blocked, id=20936, stack(0x0000000016ac0000,0x0000000016bc0000)]
  0x0000000002cdb800 JavaThread "Finalizer" daemon [_thread_blocked, id=2940, stack(0x00000000165c0000,0x00000000166c0000)]
  0x000000001533a800 JavaThread "Reference Handler" daemon [_thread_blocked, id=22144, stack(0x00000000164c0000,0x00000000165c0000)]
  0x000000000269d800 JavaThread "main" [_thread_in_vm, id=9780, stack(0x0000000002ae0000,0x0000000002be0000)]

Other Threads:
  0x0000000015316000 VMThread [stack: 0x00000000163c0000,0x00000000164c0000] [id=18700]
  0x000000001674b000 WatcherThread [stack: 0x00000000170c0000,0x00000000171c0000] [id=11332]

VM state:not at safepoint (normal execution)

VM Mutex/Monitor currently owned by a thread: None

Heap:
 PSYoungGen      total 35328K, used 22471K [0x00000000eae00000, 0x00000000ed300000, 0x0000000100000000)
  eden space 32768K, 60% used [0x00000000eae00000,0x00000000ec175ca8,0x00000000ece00000)
  from space 2560K, 99% used [0x00000000ece00000,0x00000000ed07c010,0x00000000ed080000)
  to   space 2560K, 0% used [0x00000000ed080000,0x00000000ed080000,0x00000000ed300000)
 ParOldGen       total 44032K, used 16188K [0x00000000c0a00000, 0x00000000c3500000, 0x00000000eae00000)
  object space 44032K, 36% used [0x00000000c0a00000,0x00000000c19cf028,0x00000000c3500000)
 Metaspace       used 19978K, capacity 20550K, committed 20864K, reserved 1067008K
  class space    used 2418K, capacity 2589K, committed 2688K, reserved 1048576K

Card table byte_map: [0x00000000120a0000,0x00000000122a0000] byte_map_base: 0x0000000011a9b000

Marking Bits: (ParMarkBitMap*) 0x0000000052323e30
 Begin Bits: [0x0000000012800000, 0x00000000137d8000)
 End Bits:   [0x00000000137d8000, 0x00000000147b0000)

Polling page: 0x00000000025e0000

CodeCache: size=245760Kb used=10877Kb max_used=10877Kb free=234882Kb
 bounds [0x0000000002ce0000, 0x0000000003790000, 0x0000000011ce0000]
 total_blobs=3602 nmethods=3207 adapters=307
 compilation: enabled

Compilation events (10 events):
Event: 5.467 Thread 0x0000000015365000 3205       3       com.sun.tools.javac.util.ArrayUtils::ensureCapacity (30 bytes)
Event: 5.468 Thread 0x0000000015365000 nmethod 3205 0x0000000003786050 code [0x00000000037861e0, 0x0000000003786588]
Event: 5.468 Thread 0x0000000015365000 3206       3       com.sun.tools.javac.util.List::nil (4 bytes)
Event: 5.468 Thread 0x0000000015365000 nmethod 3206 0x0000000003779fd0 code [0x000000000377a120, 0x000000000377a250]
Event: 5.468 Thread 0x0000000015365000 3207       3       com.sun.tools.javac.code.AnnoConstruct::<init> (5 bytes)
Event: 5.468 Thread 0x0000000015365000 nmethod 3207 0x0000000003786710 code [0x0000000003786860, 0x0000000003786a10]
Event: 5.468 Thread 0x0000000015365000 3208       3       com.sun.tools.javac.util.Assert::check (8 bytes)
Event: 5.468 Thread 0x0000000015365000 nmethod 3208 0x0000000003786ad0 code [0x0000000003786c40, 0x0000000003786ec8]
Event: 5.468 Thread 0x0000000015365000 3209       3       com.sun.tools.javac.util.List::<init> (15 bytes)
Event: 5.468 Thread 0x0000000015365000 nmethod 3209 0x0000000003787010 code [0x0000000003787180, 0x00000000037873b0]

GC Heap History (10 events):
Event: 2.604 GC heap before
{Heap before GC invocations=3 (full 0):
 PSYoungGen      total 18944K, used 18924K [0x00000000eae00000, 0x00000000ec300000, 0x0000000100000000)
  eden space 16384K, 100% used [0x00000000eae00000,0x00000000ebe00000,0x00000000ebe00000)
  from space 2560K, 99% used [0x00000000ec080000,0x00000000ec2fb318,0x00000000ec300000)
  to   space 2560K, 0% used [0x00000000ebe00000,0x00000000ebe00000,0x00000000ec080000)
 ParOldGen       total 44032K, used 2181K [0x00000000c0a00000, 0x00000000c3500000, 0x00000000eae00000)
  object space 44032K, 4% used [0x00000000c0a00000,0x00000000c0c21788,0x00000000c3500000)
 Metaspace       used 10685K, capacity 10914K, committed 11136K, reserved 1058816K
  class space    used 1309K, capacity 1379K, committed 1408K, reserved 1048576K
Event: 2.610 GC heap after
Heap after GC invocations=3 (full 0):
 PSYoungGen      total 18944K, used 2552K [0x00000000eae00000, 0x00000000ed300000, 0x0000000100000000)
  eden space 16384K, 0% used [0x00000000eae00000,0x00000000eae00000,0x00000000ebe00000)
  from space 2560K, 99% used [0x00000000ebe00000,0x00000000ec07e030,0x00000000ec080000)
  to   space 2560K, 0% used [0x00000000ed080000,0x00000000ed080000,0x00000000ed300000)
 ParOldGen       total 44032K, used 4414K [0x00000000c0a00000, 0x00000000c3500000, 0x00000000eae00000)
  object space 44032K, 10% used [0x00000000c0a00000,0x00000000c0e4fa10,0x00000000c3500000)
 Metaspace       used 10685K, capacity 10914K, committed 11136K, reserved 1058816K
  class space    used 1309K, capacity 1379K, committed 1408K, reserved 1048576K
}
Event: 2.860 GC heap before
{Heap before GC invocations=4 (full 0):
 PSYoungGen      total 18944K, used 18936K [0x00000000eae00000, 0x00000000ed300000, 0x0000000100000000)
  eden space 16384K, 100% used [0x00000000eae00000,0x00000000ebe00000,0x00000000ebe00000)
  from space 2560K, 99% used [0x00000000ebe00000,0x00000000ec07e030,0x00000000ec080000)
  to   space 2560K, 0% used [0x00000000ed080000,0x00000000ed080000,0x00000000ed300000)
 ParOldGen       total 44032K, used 4414K [0x00000000c0a00000, 0x00000000c3500000, 0x00000000eae00000)
  object space 44032K, 10% used [0x00000000c0a00000,0x00000000c0e4fa10,0x00000000c3500000)
 Metaspace       used 12630K, capacity 12884K, committed 13056K, reserved 1060864K
  class space    used 1579K, capacity 1672K, committed 1792K, reserved 1048576K
Event: 2.868 GC heap after
Heap after GC invocations=4 (full 0):
 PSYoungGen      total 35328K, used 2536K [0x00000000eae00000, 0x00000000ed300000, 0x0000000100000000)
  eden space 32768K, 0% used [0x00000000eae00000,0x00000000eae00000,0x00000000ece00000)
  from space 2560K, 99% used [0x00000000ed080000,0x00000000ed2fa040,0x00000000ed300000)
  to   space 2560K, 0% used [0x00000000ece00000,0x00000000ece00000,0x00000000ed080000)
 ParOldGen       total 44032K, used 7102K [0x00000000c0a00000, 0x00000000c3500000, 0x00000000eae00000)
  object space 44032K, 16% used [0x00000000c0a00000,0x00000000c10efb48,0x00000000c3500000)
 Metaspace       used 12630K, capacity 12884K, committed 13056K, reserved 1060864K
  class space    used 1579K, capacity 1672K, committed 1792K, reserved 1048576K
}
Event: 3.696 GC heap before
{Heap before GC invocations=5 (full 0):
 PSYoungGen      total 35328K, used 35304K [0x00000000eae00000, 0x00000000ed300000, 0x0000000100000000)
  eden space 32768K, 100% used [0x00000000eae00000,0x00000000ece00000,0x00000000ece00000)
  from space 2560K, 99% used [0x00000000ed080000,0x00000000ed2fa040,0x00000000ed300000)
  to   space 2560K, 0% used [0x00000000ece00000,0x00000000ece00000,0x00000000ed080000)
 ParOldGen       total 44032K, used 7102K [0x00000000c0a00000, 0x00000000c3500000, 0x00000000eae00000)
  object space 44032K, 16% used [0x00000000c0a00000,0x00000000c10efb48,0x00000000c3500000)
 Metaspace       used 15545K, capacity 15790K, committed 16128K, reserved 1062912K
  class space    used 1901K, capacity 2007K, committed 2048K, reserved 1048576K
Event: 3.711 GC heap after
Heap after GC invocations=5 (full 0):
 PSYoungGen      total 35328K, used 2536K [0x00000000eae00000, 0x00000000ed300000, 0x0000000100000000)
  eden space 32768K, 0% used [0x00000000eae00000,0x00000000eae00000,0x00000000ece00000)
  from space 2560K, 99% used [0x00000000ece00000,0x00000000ed07a020,0x00000000ed080000)
  to   space 2560K, 0% used [0x00000000ed080000,0x00000000ed080000,0x00000000ed300000)
 ParOldGen       total 44032K, used 11649K [0x00000000c0a00000, 0x00000000c3500000, 0x00000000eae00000)
  object space 44032K, 26% used [0x00000000c0a00000,0x00000000c1560448,0x00000000c3500000)
 Metaspace       used 15545K, capacity 15790K, committed 16128K, reserved 1062912K
  class space    used 1901K, capacity 2007K, committed 2048K, reserved 1048576K
}
Event: 4.440 GC heap before
{Heap before GC invocations=6 (full 0):
 PSYoungGen      total 35328K, used 35304K [0x00000000eae00000, 0x00000000ed300000, 0x0000000100000000)
  eden space 32768K, 100% used [0x00000000eae00000,0x00000000ece00000,0x00000000ece00000)
  from space 2560K, 99% used [0x00000000ece00000,0x00000000ed07a020,0x00000000ed080000)
  to   space 2560K, 0% used [0x00000000ed080000,0x00000000ed080000,0x00000000ed300000)
 ParOldGen       total 44032K, used 11649K [0x00000000c0a00000, 0x00000000c3500000, 0x00000000eae00000)
  object space 44032K, 26% used [0x00000000c0a00000,0x00000000c1560448,0x00000000c3500000)
 Metaspace       used 16348K, capacity 16702K, committed 17024K, reserved 1064960K
  class space    used 1976K, capacity 2051K, committed 2176K, reserved 1048576K
Event: 4.450 GC heap after
Heap after GC invocations=6 (full 0):
 PSYoungGen      total 35328K, used 2552K [0x00000000eae00000, 0x00000000ed300000, 0x0000000100000000)
  eden space 32768K, 0% used [0x00000000eae00000,0x00000000eae00000,0x00000000ece00000)
  from space 2560K, 99% used [0x00000000ed080000,0x00000000ed2fe010,0x00000000ed300000)
  to   space 2560K, 0% used [0x00000000ece00000,0x00000000ece00000,0x00000000ed080000)
 ParOldGen       total 44032K, used 13992K [0x00000000c0a00000, 0x00000000c3500000, 0x00000000eae00000)
  object space 44032K, 31% used [0x00000000c0a00000,0x00000000c17aa010,0x00000000c3500000)
 Metaspace       used 16348K, capacity 16702K, committed 17024K, reserved 1064960K
  class space    used 1976K, capacity 2051K, committed 2176K, reserved 1048576K
}
Event: 5.031 GC heap before
{Heap before GC invocations=7 (full 0):
 PSYoungGen      total 35328K, used 35320K [0x00000000eae00000, 0x00000000ed300000, 0x0000000100000000)
  eden space 32768K, 100% used [0x00000000eae00000,0x00000000ece00000,0x00000000ece00000)
  from space 2560K, 99% used [0x00000000ed080000,0x00000000ed2fe010,0x00000000ed300000)
  to   space 2560K, 0% used [0x00000000ece00000,0x00000000ece00000,0x00000000ed080000)
 ParOldGen       total 44032K, used 13992K [0x00000000c0a00000, 0x00000000c3500000, 0x00000000eae00000)
  object space 44032K, 31% used [0x00000000c0a00000,0x00000000c17aa010,0x00000000c3500000)
 Metaspace       used 17089K, capacity 17500K, committed 17792K, reserved 1064960K
  class space    used 2023K, capacity 2124K, committed 2176K, reserved 1048576K
Event: 5.051 GC heap after
Heap after GC invocations=7 (full 0):
 PSYoungGen      total 35328K, used 2544K [0x00000000eae00000, 0x00000000ed300000, 0x0000000100000000)
  eden space 32768K, 0% used [0x00000000eae00000,0x00000000eae00000,0x00000000ece00000)
  from space 2560K, 99% used [0x00000000ece00000,0x00000000ed07c010,0x00000000ed080000)
  to   space 2560K, 0% used [0x00000000ed080000,0x00000000ed080000,0x00000000ed300000)
 ParOldGen       total 44032K, used 16188K [0x00000000c0a00000, 0x00000000c3500000, 0x00000000eae00000)
  object space 44032K, 36% used [0x00000000c0a00000,0x00000000c19cf028,0x00000000c3500000)
 Metaspace       used 17089K, capacity 17500K, committed 17792K, reserved 1064960K
  class space    used 2023K, capacity 2124K, committed 2176K, reserved 1048576K
}

Deoptimization events (10 events):
Event: 4.643 Thread 0x000000000269d800 Uncommon trap: reason=bimorphic action=maybe_recompile pc=0x00000000033e5464 method=java.util.concurrent.ConcurrentHashMap.get(Ljava/lang/Object;)Ljava/lang/Object; @ 149
Event: 4.647 Thread 0x000000000269d800 Uncommon trap: reason=bimorphic action=maybe_recompile pc=0x00000000033e5464 method=java.util.concurrent.ConcurrentHashMap.get(Ljava/lang/Object;)Ljava/lang/Object; @ 149
Event: 4.780 Thread 0x000000000269d800 Uncommon trap: reason=unstable_if action=reinterpret pc=0x00000000034ef788 method=org.eclipse.sisu.plexus.RealmFilteredBeans$FilteredItr.hasNext()Z @ 44
Event: 4.787 Thread 0x000000000269d800 Uncommon trap: reason=array_check action=maybe_recompile pc=0x0000000003511648 method=java.util.TimSort.binarySort([Ljava/lang/Object;IIILjava/util/Comparator;)V @ 215
Event: 4.787 Thread 0x000000000269d800 Uncommon trap: reason=array_check action=maybe_recompile pc=0x0000000003511648 method=java.util.TimSort.binarySort([Ljava/lang/Object;IIILjava/util/Comparator;)V @ 215
Event: 4.787 Thread 0x000000000269d800 Uncommon trap: reason=array_check action=maybe_recompile pc=0x00000000035117d4 method=java.util.TimSort.binarySort([Ljava/lang/Object;IIILjava/util/Comparator;)V @ 183
Event: 4.855 Thread 0x000000000269d800 Uncommon trap: reason=bimorphic action=maybe_recompile pc=0x000000000326be24 method=java.util.regex.Pattern$CharProperty.match(Ljava/util/regex/Matcher;ILjava/lang/CharSequence;)Z @ 37
Event: 5.197 Thread 0x000000000269d800 Uncommon trap: reason=unstable_if action=reinterpret pc=0x000000000368c36c method=java.util.IdentityHashMap.remove(Ljava/lang/Object;)Ljava/lang/Object; @ 31
Event: 5.280 Thread 0x000000000269d800 Uncommon trap: reason=bimorphic action=maybe_recompile pc=0x000000000326be24 method=java.util.regex.Pattern$CharProperty.match(Ljava/util/regex/Matcher;ILjava/lang/CharSequence;)Z @ 37
Event: 5.299 Thread 0x000000000269d800 Uncommon trap: reason=unstable_if action=reinterpret pc=0x00000000032daf5c method=java.util.LinkedHashMap.afterNodeInsertion(Z)V @ 18

Classes redefined (0 events):
No events

Internal exceptions (10 events):
Event: 3.178 Thread 0x000000000269d800 Exception <a 'java/lang/NullPointerException'> (0x00000000eb8cc670) thrown at [C:\re\workspace\8-2-build-windows-amd64-cygwin\jdk8u191\11896\hotspot\src\share\vm\interpreter\linkResolver.cpp, line 1185]
Event: 3.178 Thread 0x000000000269d800 Exception <a 'java/lang/NullPointerException'> (0x00000000eb8cc888) thrown at [C:\re\workspace\8-2-build-windows-amd64-cygwin\jdk8u191\11896\hotspot\src\share\vm\interpreter\linkResolver.cpp, line 1185]
Event: 3.178 Thread 0x000000000269d800 Exception <a 'java/lang/NullPointerException'> (0x00000000eb8ccaa0) thrown at [C:\re\workspace\8-2-build-windows-amd64-cygwin\jdk8u191\11896\hotspot\src\share\vm\interpreter\linkResolver.cpp, line 1185]
Event: 3.232 Thread 0x000000000269d800 Implicit null exception at 0x0000000002f70716 to 0x0000000002f70aa5
Event: 3.232 Thread 0x000000000269d800 Implicit null exception at 0x0000000002ee5b14 to 0x0000000002ee5ec1
Event: 3.543 Thread 0x000000000269d800 Implicit null exception at 0x000000000333fe2f to 0x0000000003340071
Event: 3.552 Thread 0x000000000269d800 Implicit null exception at 0x00000000030c26d5 to 0x00000000030c28a5
Event: 3.555 Thread 0x000000000269d800 Implicit null exception at 0x00000000032cdd2f to 0x00000000032ce525
Event: 3.555 Thread 0x000000000269d800 Implicit null exception at 0x000000000312941b to 0x00000000031298a1
Event: 5.342 Thread 0x000000000269d800 Exception <a 'java/lang/ClassNotFoundException': com/sun/tools/javac/api/JavacTool> (0x00000000eb986938) thrown at [C:\re\workspace\8-2-build-windows-amd64-cygwin\jdk8u191\11896\hotspot\src\share\vm\classfile\systemDictionary.cpp, line 210]

Events (10 events):
Event: 5.544 loading class com/sun/tools/javac/comp/Attr$BreakAttr
Event: 5.544 loading class com/sun/tools/javac/comp/Attr$BreakAttr done
Event: 5.545 loading class com/sun/tools/javac/comp/DeferredAttr$DeferredType
Event: 5.545 loading class com/sun/tools/javac/comp/DeferredAttr$DeferredType done
Event: 5.546 loading class com/sun/tools/javac/comp/Attr$14
Event: 5.546 loading class com/sun/tools/javac/comp/Attr$14 done
Event: 5.547 loading class com/sun/tools/javac/comp/Attr$IdentAttributer
Event: 5.547 loading class com/sun/tools/javac/comp/Attr$IdentAttributer done
Event: 5.547 loading class com/sun/source/util/SimpleTreeVisitor
Event: 5.547 loading class com/sun/source/util/SimpleTreeVisitor done


Dynamic libraries:
0x00007ff739090000 - 0x00007ff7390c7000 	D:\Java\jdk1.8.0_191\jre\bin\javaw.exe
0x00007ffec7b80000 - 0x00007ffec7d61000 	C:\Windows\SYSTEM32\ntdll.dll
0x00007ffec63e0000 - 0x00007ffec6492000 	C:\Windows\System32\KERNEL32.DLL
0x00007ffec3f50000 - 0x00007ffec41c3000 	C:\Windows\System32\KERNELBASE.dll
0x00007ffec6250000 - 0x00007ffec62f1000 	C:\Windows\System32\ADVAPI32.dll
0x00007ffec5620000 - 0x00007ffec56be000 	C:\Windows\System32\msvcrt.dll
0x00007ffec6310000 - 0x00007ffec636b000 	C:\Windows\System32\sechost.dll
0x00007ffec64e0000 - 0x00007ffec6604000 	C:\Windows\System32\RPCRT4.dll
0x00007ffec5790000 - 0x00007ffec5920000 	C:\Windows\System32\USER32.dll
0x00007ffec48e0000 - 0x00007ffec4900000 	C:\Windows\System32\win32u.dll
0x00007ffec64b0000 - 0x00007ffec64d8000 	C:\Windows\System32\GDI32.dll
0x00007ffec4900000 - 0x00007ffec4a92000 	C:\Windows\System32\gdi32full.dll
0x00007ffec4d40000 - 0x00007ffec4ddf000 	C:\Windows\System32\msvcp_win.dll
0x00007ffec4e60000 - 0x00007ffec4f5a000 	C:\Windows\System32\ucrtbase.dll
0x00007ffebd1b0000 - 0x00007ffebd419000 	C:\Windows\WinSxS\amd64_microsoft.windows.common-controls_6595b64144ccf1df_6.0.17134.376_none_fb439a3730647da2\COMCTL32.dll
0x00007ffec5170000 - 0x00007ffec5493000 	C:\Windows\System32\combase.dll
0x00007ffec4de0000 - 0x00007ffec4e5a000 	C:\Windows\System32\bcryptPrimitives.dll
0x00007ffec6110000 - 0x00007ffec613d000 	C:\Windows\System32\IMM32.DLL
0x0000000053160000 - 0x0000000053232000 	D:\Java\jdk1.8.0_191\jre\bin\msvcr100.dll
0x0000000051b00000 - 0x00000000523a4000 	D:\Java\jdk1.8.0_191\jre\bin\server\jvm.dll
0x00007ffec6300000 - 0x00007ffec6308000 	C:\Windows\System32\PSAPI.DLL
0x00007ffebfbc0000 - 0x00007ffebfbca000 	C:\Windows\SYSTEM32\VERSION.dll
0x00007ffebcc60000 - 0x00007ffebcc83000 	C:\Windows\SYSTEM32\WINMM.dll
0x00007ffeb9ef0000 - 0x00007ffeb9f1a000 	C:\Windows\SYSTEM32\WINMMBASE.dll
0x00007ffec4aa0000 - 0x00007ffec4ae9000 	C:\Windows\System32\cfgmgr32.dll
0x00007ffeb9ab0000 - 0x00007ffeb9ab9000 	C:\Windows\SYSTEM32\WSOCK32.dll
0x00007ffec6140000 - 0x00007ffec61ac000 	C:\Windows\System32\WS2_32.dll
0x0000000053150000 - 0x000000005315f000 	D:\Java\jdk1.8.0_191\jre\bin\verify.dll
0x0000000053120000 - 0x0000000053149000 	D:\Java\jdk1.8.0_191\jre\bin\java.dll
0x0000000053100000 - 0x0000000053116000 	D:\Java\jdk1.8.0_191\jre\bin\zip.dll
0x00007ffec6710000 - 0x00007ffec7b4f000 	C:\Windows\System32\SHELL32.dll
0x00007ffec5920000 - 0x00007ffec59c9000 	C:\Windows\System32\shcore.dll
0x00007ffec41d0000 - 0x00007ffec48dd000 	C:\Windows\System32\windows.storage.dll
0x00007ffec60b0000 - 0x00007ffec6101000 	C:\Windows\System32\shlwapi.dll
0x00007ffec3e90000 - 0x00007ffec3ea1000 	C:\Windows\System32\kernel.appcore.dll
0x00007ffec3f00000 - 0x00007ffec3f1f000 	C:\Windows\System32\profapi.dll
0x00007ffec3eb0000 - 0x00007ffec3efc000 	C:\Windows\System32\powrprof.dll
0x00007ffec3f40000 - 0x00007ffec3f4a000 	C:\Windows\System32\FLTLIB.DLL
0x00007ffec38a0000 - 0x00007ffec38b7000 	C:\Windows\SYSTEM32\CRYPTSP.dll
0x00007ffec3270000 - 0x00007ffec32a3000 	C:\Windows\system32\rsaenh.dll
0x00007ffec39d0000 - 0x00007ffec39f5000 	C:\Windows\SYSTEM32\bcrypt.dll
0x00007ffec3dc0000 - 0x00007ffec3de8000 	C:\Windows\SYSTEM32\USERENV.dll
0x00007ffec38c0000 - 0x00007ffec38cb000 	C:\Windows\SYSTEM32\CRYPTBASE.dll
0x00000000530e0000 - 0x00000000530fa000 	D:\Java\jdk1.8.0_191\jre\bin\net.dll
0x00007ffec36f0000 - 0x00007ffec3756000 	C:\Windows\system32\mswsock.dll
0x00007ffec3470000 - 0x00007ffec34a8000 	C:\Windows\SYSTEM32\IPHLPAPI.DLL
0x00007ffec63d0000 - 0x00007ffec63d8000 	C:\Windows\System32\NSI.dll
0x00007ffebebd0000 - 0x00007ffebebe6000 	C:\Windows\SYSTEM32\dhcpcsvc6.DLL
0x00007ffebebb0000 - 0x00007ffebebca000 	C:\Windows\SYSTEM32\dhcpcsvc.DLL
0x00000000530c0000 - 0x00000000530d1000 	D:\Java\jdk1.8.0_191\jre\bin\nio.dll
0x00007ffeb83f0000 - 0x00007ffeb83fa000 	C:\Users\Ruimeng Jin\AppData\Local\Temp\jansi-1.17.1-8852690171444981565.dll
0x00007ffeb83e0000 - 0x00007ffeb83ea000 	C:\Users\Ruimeng Jin\AppData\Local\Temp\jansi-1.17.1-5675120640682584539.dll

VM Arguments:
jvm_args: -Dmaven.home=E:\workspace\apache-maven-3.5.4 -Dclassworlds.conf=E:\workspace\Java\.metadata\.plugins\org.eclipse.m2e.launching\launches\m2conf11511584586671957056.tmp -Dmaven.multiModuleProjectDirectory=E:\workspace\Java\e3-search-web -Dfile.encoding=UTF-8 
java_command: org.codehaus.plexus.classworlds.launcher.Launcher -B -s E:\workspace\apache-maven-3.5.4\conf\settings.xml clean tomcat7:run
java_class_path (initial): E:\workspace\apache-maven-3.5.4\boot\plexus-classworlds-2.5.2.jar
Launcher Type: SUN_STANDARD

Environment Variables:
JAVA_HOME=D:\Java\jdk-10.0.2
CLASSPATH=.;D:\Java\jdk-10.0.2\lib;D:\Java\jdk-10.0.2\lib\tools.jar
PATH=D:/Java/jdk-10.0.2/bin/server;D:/Java/jdk-10.0.2/bin;C:\Program Files (x86)\Common Files\Oracle\Java\javapath;C:\Windows\system32;C:\Windows;C:\Windows\System32\Wbem;C:\Windows\System32\WindowsPowerShell\v1.0\;C:\Windows\System32\OpenSSH\;C:\Program Files (x86)\NVIDIA Corporation\PhysX\Common;D:\Java\jdk-10.0.2\bin;D:\Java\jdk-10.0.2\jre\bin;D:\Subversion\bin;D:\SVN\Subversion\bin;D:\SVN\TortoiseSVN\bin;D:\Git\cmd;C:\Users\Ruimeng Jin\AppData\Local\Microsoft\WindowsApps;E:\Users\Ruimeng Jin\workspace\apache-maven-3.5.4\bin;;D:\eclipse;
USERNAME=Ruimeng Jin
OS=Windows_NT
PROCESSOR_IDENTIFIER=Intel64 Family 6 Model 42 Stepping 7, GenuineIntel



---------------  S Y S T E M  ---------------

OS: Windows 10.0 , 64 bit Build 17134 (10.0.17134.1)

CPU:total 4 (initial active 4) (2 cores per cpu, 2 threads per core) family 6 model 42 stepping 7, cmov, cx8, fxsr, mmx, sse, sse2, sse3, ssse3, sse4.1, sse4.2, popcnt, avx, clmul, ht, tsc, tscinvbit

Memory: 4k page, physical 4149248k(669268k free), swap 16732160k(5908k free)

vm_info: Java HotSpot(TM) 64-Bit Server VM (25.191-b12) for windows-amd64 JRE (1.8.0_191-b12), built on Oct  6 2018 09:29:03 by "java_re" with MS VC++ 10.0 (VS2010)

time: Sun Nov 18 20:42:11 2018
elapsed time: 5 seconds (0d 0h 0m 5s)

