#
# There is insufficient memory for the Java Runtime Environment to continue.
# Native memory allocation (malloc) failed to allocate 455632 bytes for Chunk::new
# Possible reasons:
#   The system is out of physical RAM or swap space
#   In 32 bit mode, the process size limit was hit
# Possible solutions:
#   Reduce memory load on the system
#   Increase physical memory or swap space
#   Check if swap backing store is full
#   Use 64 bit Java on a 64 bit OS
#   Decrease Java heap size (-Xmx/-Xms)
#   Decrease number of Java threads
#   Decrease Java thread stack sizes (-Xss)
#   Set larger code cache with -XX:ReservedCodeCacheSize=
# This output file may be truncated or incomplete.
#
#  Out of Memory Error (allocation.cpp:390), pid=23440, tid=0x0000000000004754
#
# JRE version: Java(TM) SE Runtime Environment (8.0_191-b12) (build 1.8.0_191-b12)
# Java VM: Java HotSpot(TM) 64-Bit Server VM (25.191-b12 mixed mode windows-amd64 compressed oops)
# Failed to write core dump. Minidumps are not enabled by default on client versions of Windows
#

---------------  T H R E A D  ---------------

Current thread (0x000000001515d000):  JavaThread "C2 CompilerThread0" daemon [_thread_in_native, id=18260, stack(0x0000000016a70000,0x0000000016b70000)]

Stack: [0x0000000016a70000,0x0000000016b70000]
[error occurred during error reporting (printing stack bounds), id 0xc0000005]

Native frames: (J=compiled Java code, j=interpreted, Vv=VM code, C=native code)


Current CompileTask:
C2:   7963 4527       4       org.apache.tomcat.util.bcel.classfile.Code::<init> (162 bytes)


---------------  P R O C E S S  ---------------

Java Threads: ( => current thread )
  0x0000000017d4d000 JavaThread "localhost-startStop-1" daemon [_thread_in_Java, id=812, stack(0x000000001cb20000,0x000000001cc20000)]
  0x0000000017d4a800 JavaThread "Tomcat-startStop-1" daemon [_thread_blocked, id=12108, stack(0x000000001ca20000,0x000000001cb20000)]
  0x00000000164f2800 JavaThread "Service Thread" daemon [_thread_blocked, id=22908, stack(0x0000000016d70000,0x0000000016e70000)]
  0x00000000164cc000 JavaThread "C1 CompilerThread2" daemon [_thread_blocked, id=18120, stack(0x0000000016c70000,0x0000000016d70000)]
  0x00000000164c1800 JavaThread "C2 CompilerThread1" daemon [_thread_in_native, id=13548, stack(0x0000000016b70000,0x0000000016c70000)]
=>0x000000001515d000 JavaThread "C2 CompilerThread0" daemon [_thread_in_native, id=18260, stack(0x0000000016a70000,0x0000000016b70000)]
  0x000000001515b800 JavaThread "Attach Listener" daemon [_thread_blocked, id=24852, stack(0x0000000016970000,0x0000000016a70000)]
  0x0000000016480800 JavaThread "Signal Dispatcher" daemon [_thread_blocked, id=16052, stack(0x0000000016870000,0x0000000016970000)]
  0x0000000002a8a800 JavaThread "Finalizer" daemon [_thread_blocked, id=8496, stack(0x0000000016370000,0x0000000016470000)]
  0x0000000002a82000 JavaThread "Reference Handler" daemon [_thread_blocked, id=14316, stack(0x0000000016270000,0x0000000016370000)]
  0x00000000025cd800 JavaThread "main" [_thread_blocked, id=18584, stack(0x0000000002450000,0x0000000002550000)]

Other Threads:
  0x00000000150c6000 VMThread [stack: 0x0000000016170000,0x0000000016270000] [id=26260]
  0x00000000164f6000 WatcherThread [stack: 0x0000000016e70000,0x0000000016f70000] [id=18252]

VM state:not at safepoint (normal execution)

VM Mutex/Monitor currently owned by a thread: None

Heap:
 PSYoungGen      total 72704K, used 47846K [0x00000000eae00000, 0x00000000efc00000, 0x0000000100000000)
  eden space 65536K, 62% used [0x00000000eae00000,0x00000000ed5bbcd8,0x00000000eee00000)
  from space 7168K, 99% used [0x00000000eee00000,0x00000000ef4fde88,0x00000000ef500000)
  to   space 6656K, 0% used [0x00000000ef580000,0x00000000ef580000,0x00000000efc00000)
 ParOldGen       total 42496K, used 29225K [0x00000000c0a00000, 0x00000000c3380000, 0x00000000eae00000)
  object space 42496K, 68% used [0x00000000c0a00000,0x00000000c268a458,0x00000000c3380000)
 Metaspace       used 29289K, capacity 29940K, committed 30080K, reserved 1075200K
  class space    used 3472K, capacity 3655K, committed 3712K, reserved 1048576K

Card table byte_map: [0x0000000011e50000,0x0000000012050000] byte_map_base: 0x000000001184b000

Marking Bits: (ParMarkBitMap*) 0x00000000524c3e30
 Begin Bits: [0x00000000125b0000, 0x0000000013588000)
 End Bits:   [0x0000000013588000, 0x0000000014560000)

Polling page: 0x00000000005d0000

CodeCache: size=245760Kb used=14452Kb max_used=14993Kb free=231307Kb
 bounds [0x0000000002a90000, 0x00000000039a0000, 0x0000000011a90000]
 total_blobs=4484 nmethods=4044 adapters=352
 compilation: enabled

Compilation events (10 events):
Event: 7.879 Thread 0x00000000164cc000 4536       3       sun.net.www.protocol.jar.JarURLConnection::getJarFile (9 bytes)
Event: 7.879 Thread 0x00000000164cc000 nmethod 4536 0x0000000003023e10 code [0x0000000003023f80, 0x0000000003024128]
Event: 7.881 Thread 0x000000001515d000 nmethod 4470 0x0000000003977450 code [0x0000000003977d20, 0x00000000039839e8]
Event: 7.882 Thread 0x000000001515d000 4527       4       org.apache.tomcat.util.bcel.classfile.Code::<init> (162 bytes)
Event: 7.888 Thread 0x00000000164cc000 4537       1       java.util.WeakHashMap::indexFor (6 bytes)
Event: 7.888 Thread 0x00000000164cc000 nmethod 4537 0x00000000030f1d10 code [0x00000000030f1e60, 0x00000000030f1f50]
Event: 7.910 Thread 0x00000000164cc000 4539   !   3       org.apache.catalina.loader.WebappClassLoader::openJARs (98 bytes)
Event: 7.911 Thread 0x00000000164cc000 nmethod 4539 0x0000000002dacc90 code [0x0000000002dacea0, 0x0000000002dad9f8]
Event: 7.946 Thread 0x00000000164c1800 nmethod 4518% 0x000000000398b4d0 code [0x000000000398ba60, 0x0000000003994178]
Event: 7.946 Thread 0x00000000164c1800 4538  s    4       org.apache.tomcat.util.bcel.classfile.ConstantUtf8::getCachedInstance (78 bytes)

GC Heap History (10 events):
Event: 3.530 GC heap before
{Heap before GC invocations=6 (full 0):
 PSYoungGen      total 35328K, used 35320K [0x00000000eae00000, 0x00000000efd00000, 0x0000000100000000)
  eden space 32768K, 100% used [0x00000000eae00000,0x00000000ece00000,0x00000000ece00000)
  from space 2560K, 99% used [0x00000000ece00000,0x00000000ed07e010,0x00000000ed080000)
  to   space 7680K, 0% used [0x00000000ef580000,0x00000000ef580000,0x00000000efd00000)
 ParOldGen       total 44032K, used 11701K [0x00000000c0a00000, 0x00000000c3500000, 0x00000000eae00000)
  object space 44032K, 26% used [0x00000000c0a00000,0x00000000c156d638,0x00000000c3500000)
 Metaspace       used 16353K, capacity 16696K, committed 17024K, reserved 1064960K
  class space    used 1975K, capacity 2052K, committed 2176K, reserved 1048576K
Event: 3.540 GC heap after
Heap after GC invocations=6 (full 0):
 PSYoungGen      total 72192K, used 5000K [0x00000000eae00000, 0x00000000efc00000, 0x0000000100000000)
  eden space 65536K, 0% used [0x00000000eae00000,0x00000000eae00000,0x00000000eee00000)
  from space 6656K, 75% used [0x00000000ef580000,0x00000000efa62020,0x00000000efc00000)
  to   space 7168K, 0% used [0x00000000eee00000,0x00000000eee00000,0x00000000ef500000)
 ParOldGen       total 44032K, used 11709K [0x00000000c0a00000, 0x00000000c3500000, 0x00000000eae00000)
  object space 44032K, 26% used [0x00000000c0a00000,0x00000000c156f638,0x00000000c3500000)
 Metaspace       used 16353K, capacity 16696K, committed 17024K, reserved 1064960K
  class space    used 1975K, capacity 2052K, committed 2176K, reserved 1048576K
}
Event: 4.775 GC heap before
{Heap before GC invocations=7 (full 0):
 PSYoungGen      total 72192K, used 65852K [0x00000000eae00000, 0x00000000efc00000, 0x0000000100000000)
  eden space 65536K, 92% used [0x00000000eae00000,0x00000000ee96d1b8,0x00000000eee00000)
  from space 6656K, 75% used [0x00000000ef580000,0x00000000efa62020,0x00000000efc00000)
  to   space 7168K, 0% used [0x00000000eee00000,0x00000000eee00000,0x00000000ef500000)
 ParOldGen       total 44032K, used 11709K [0x00000000c0a00000, 0x00000000c3500000, 0x00000000eae00000)
  object space 44032K, 26% used [0x00000000c0a00000,0x00000000c156f638,0x00000000c3500000)
 Metaspace       used 20663K, capacity 21114K, committed 21296K, reserved 1069056K
  class space    used 2501K, capacity 2653K, committed 2688K, reserved 1048576K
Event: 4.805 GC heap after
Heap after GC invocations=7 (full 0):
 PSYoungGen      total 72704K, used 7146K [0x00000000eae00000, 0x00000000efc00000, 0x0000000100000000)
  eden space 65536K, 0% used [0x00000000eae00000,0x00000000eae00000,0x00000000eee00000)
  from space 7168K, 99% used [0x00000000eee00000,0x00000000ef4fab90,0x00000000ef500000)
  to   space 6656K, 0% used [0x00000000ef580000,0x00000000ef580000,0x00000000efc00000)
 ParOldGen       total 44032K, used 13209K [0x00000000c0a00000, 0x00000000c3500000, 0x00000000eae00000)
  object space 44032K, 29% used [0x00000000c0a00000,0x00000000c16e65c0,0x00000000c3500000)
 Metaspace       used 20663K, capacity 21114K, committed 21296K, reserved 1069056K
  class space    used 2501K, capacity 2653K, committed 2688K, reserved 1048576K
}
Event: 4.805 GC heap before
{Heap before GC invocations=8 (full 1):
 PSYoungGen      total 72704K, used 7146K [0x00000000eae00000, 0x00000000efc00000, 0x0000000100000000)
  eden space 65536K, 0% used [0x00000000eae00000,0x00000000eae00000,0x00000000eee00000)
  from space 7168K, 99% used [0x00000000eee00000,0x00000000ef4fab90,0x00000000ef500000)
  to   space 6656K, 0% used [0x00000000ef580000,0x00000000ef580000,0x00000000efc00000)
 ParOldGen       total 44032K, used 13209K [0x00000000c0a00000, 0x00000000c3500000, 0x00000000eae00000)
  object space 44032K, 29% used [0x00000000c0a00000,0x00000000c16e65c0,0x00000000c3500000)
 Metaspace       used 20663K, capacity 21114K, committed 21296K, reserved 1069056K
  class space    used 2501K, capacity 2653K, committed 2688K, reserved 1048576K
Event: 4.921 GC heap after
Heap after GC invocations=8 (full 1):
 PSYoungGen      total 72704K, used 0K [0x00000000eae00000, 0x00000000efc00000, 0x0000000100000000)
  eden space 65536K, 0% used [0x00000000eae00000,0x00000000eae00000,0x00000000eee00000)
  from space 7168K, 0% used [0x00000000eee00000,0x00000000eee00000,0x00000000ef500000)
  to   space 6656K, 0% used [0x00000000ef580000,0x00000000ef580000,0x00000000efc00000)
 ParOldGen       total 42496K, used 11690K [0x00000000c0a00000, 0x00000000c3380000, 0x00000000eae00000)
  object space 42496K, 27% used [0x00000000c0a00000,0x00000000c156aa88,0x00000000c3380000)
 Metaspace       used 20663K, capacity 21114K, committed 21296K, reserved 1069056K
  class space    used 2501K, capacity 2653K, committed 2688K, reserved 1048576K
}
Event: 6.509 GC heap before
{Heap before GC invocations=9 (full 1):
 PSYoungGen      total 72704K, used 65536K [0x00000000eae00000, 0x00000000efc00000, 0x0000000100000000)
  eden space 65536K, 100% used [0x00000000eae00000,0x00000000eee00000,0x00000000eee00000)
  from space 7168K, 0% used [0x00000000eee00000,0x00000000eee00000,0x00000000ef500000)
  to   space 6656K, 0% used [0x00000000ef580000,0x00000000ef580000,0x00000000efc00000)
 ParOldGen       total 42496K, used 11690K [0x00000000c0a00000, 0x00000000c3380000, 0x00000000eae00000)
  object space 42496K, 27% used [0x00000000c0a00000,0x00000000c156aa88,0x00000000c3380000)
 Metaspace       used 24198K, capacity 24848K, committed 25216K, reserved 1071104K
  class space    used 2904K, capacity 3088K, committed 3200K, reserved 1048576K
Event: 6.540 GC heap after
Heap after GC invocations=9 (full 1):
 PSYoungGen      total 72192K, used 6647K [0x00000000eae00000, 0x00000000efc00000, 0x0000000100000000)
  eden space 65536K, 0% used [0x00000000eae00000,0x00000000eae00000,0x00000000eee00000)
  from space 6656K, 99% used [0x00000000ef580000,0x00000000efbfde98,0x00000000efc00000)
  to   space 7168K, 0% used [0x00000000eee00000,0x00000000eee00000,0x00000000ef500000)
 ParOldGen       total 42496K, used 17427K [0x00000000c0a00000, 0x00000000c3380000, 0x00000000eae00000)
  object space 42496K, 41% used [0x00000000c0a00000,0x00000000c1b04eb0,0x00000000c3380000)
 Metaspace       used 24198K, capacity 24848K, committed 25216K, reserved 1071104K
  class space    used 2904K, capacity 3088K, committed 3200K, reserved 1048576K
}
Event: 7.694 GC heap before
{Heap before GC invocations=10 (full 1):
 PSYoungGen      total 72192K, used 72183K [0x00000000eae00000, 0x00000000efc00000, 0x0000000100000000)
  eden space 65536K, 100% used [0x00000000eae00000,0x00000000eee00000,0x00000000eee00000)
  from space 6656K, 99% used [0x00000000ef580000,0x00000000efbfde98,0x00000000efc00000)
  to   space 7168K, 0% used [0x00000000eee00000,0x00000000eee00000,0x00000000ef500000)
 ParOldGen       total 42496K, used 17427K [0x00000000c0a00000, 0x00000000c3380000, 0x00000000eae00000)
  object space 42496K, 41% used [0x00000000c0a00000,0x00000000c1b04eb0,0x00000000c3380000)
 Metaspace       used 29261K, capacity 29876K, committed 30080K, reserved 1075200K
  class space    used 3472K, capacity 3655K, committed 3712K, reserved 1048576K
Event: 7.718 GC heap after
Heap after GC invocations=10 (full 1):
 PSYoungGen      total 72704K, used 7159K [0x00000000eae00000, 0x00000000efc00000, 0x0000000100000000)
  eden space 65536K, 0% used [0x00000000eae00000,0x00000000eae00000,0x00000000eee00000)
  from space 7168K, 99% used [0x00000000eee00000,0x00000000ef4fde88,0x00000000ef500000)
  to   space 6656K, 0% used [0x00000000ef580000,0x00000000ef580000,0x00000000efc00000)
 ParOldGen       total 42496K, used 29225K [0x00000000c0a00000, 0x00000000c3380000, 0x00000000eae00000)
  object space 42496K, 68% used [0x00000000c0a00000,0x00000000c268a458,0x00000000c3380000)
 Metaspace       used 29261K, capacity 29876K, committed 30080K, reserved 1075200K
  class space    used 3472K, capacity 3655K, committed 3712K, reserved 1048576K
}

Deoptimization events (10 events):
Event: 7.000 Thread 0x00000000025cd800 Uncommon trap: reason=unstable_if action=reinterpret pc=0x00000000038c003c method=com.sun.org.apache.xerces.internal.impl.XMLEntityScanner.skipSpaces()Z @ 14
Event: 7.076 Thread 0x00000000025cd800 Uncommon trap: reason=bimorphic action=maybe_recompile pc=0x000000000385c89c method=java.util.Hashtable.get(Ljava/lang/Object;)Ljava/lang/Object; @ 6
Event: 7.079 Thread 0x00000000025cd800 Uncommon trap: reason=bimorphic action=maybe_recompile pc=0x000000000385c89c method=java.util.Hashtable.get(Ljava/lang/Object;)Ljava/lang/Object; @ 6
Event: 7.080 Thread 0x00000000025cd800 Uncommon trap: reason=bimorphic action=maybe_recompile pc=0x000000000385c89c method=java.util.Hashtable.get(Ljava/lang/Object;)Ljava/lang/Object; @ 6
Event: 7.089 Thread 0x00000000025cd800 Uncommon trap: reason=unstable_if action=reinterpret pc=0x0000000002bb477c method=java.net.URI.match(CJJ)Z @ 45
Event: 7.162 Thread 0x0000000017d4d000 Uncommon trap: reason=unstable_if action=reinterpret pc=0x00000000035a9304 method=java.lang.ThreadLocal.get()Ljava/lang/Object; @ 11
Event: 7.185 Thread 0x0000000017d4d000 Uncommon trap: reason=bimorphic action=maybe_recompile pc=0x000000000385c89c method=java.util.Hashtable.get(Ljava/lang/Object;)Ljava/lang/Object; @ 6
Event: 7.272 Thread 0x0000000017d4d000 Uncommon trap: reason=unstable_if action=reinterpret pc=0x0000000002eddeb8 method=com.sun.org.apache.xerces.internal.impl.XMLEntityScanner.peekChar()I @ 14
Event: 7.549 Thread 0x0000000017d4d000 Uncommon trap: reason=unstable_if action=reinterpret pc=0x0000000003820ed8 method=org.codehaus.plexus.classworlds.realm.Entry.matches(Ljava/lang/String;)Z @ 209
Event: 7.848 Thread 0x0000000017d4d000 Uncommon trap: reason=unstable_if action=reinterpret pc=0x0000000002c043b4 method=org.apache.tomcat.util.bcel.classfile.ConstantUtf8$1.removeEldestEntry(Ljava/util/Map$Entry;)Z @ 7

Classes redefined (0 events):
No events

Internal exceptions (10 events):
Event: 2.315 Thread 0x00000000025cd800 Implicit null exception at 0x0000000002c9a9d6 to 0x0000000002c9ad61
Event: 2.660 Thread 0x00000000025cd800 Implicit null exception at 0x00000000030e73af to 0x00000000030e75f1
Event: 2.671 Thread 0x00000000025cd800 Implicit null exception at 0x0000000002e553d5 to 0x0000000002e555a5
Event: 2.674 Thread 0x00000000025cd800 Implicit null exception at 0x0000000003067deb to 0x00000000030685dd
Event: 2.674 Thread 0x00000000025cd800 Implicit null exception at 0x0000000002e2035b to 0x0000000002e207c1
Event: 4.473 Thread 0x00000000025cd800 Exception <a 'java/lang/ClassNotFoundException': com/sun/tools/javac/api/JavacTool> (0x00000000ede42080) thrown at [C:\re\workspace\8-2-build-windows-amd64-cygwin\jdk8u191\11896\hotspot\src\share\vm\classfile\systemDictionary.cpp, line 210]
Event: 5.291 Thread 0x00000000025cd800 Exception <a 'java/io/FileNotFoundException'> (0x00000000eb97a7c0) thrown at [C:\re\workspace\8-2-build-windows-amd64-cygwin\jdk8u191\11896\hotspot\src\share\vm\prims\jni.cpp, line 709]
Event: 5.294 Thread 0x00000000025cd800 Exception <a 'java/io/FileNotFoundException'> (0x00000000eb9aed98) thrown at [C:\re\workspace\8-2-build-windows-amd64-cygwin\jdk8u191\11896\hotspot\src\share\vm\prims\jni.cpp, line 709]
Event: 6.494 Thread 0x00000000025cd800 Exception <a 'java/io/FileNotFoundException'> (0x00000000eed8a510) thrown at [C:\re\workspace\8-2-build-windows-amd64-cygwin\jdk8u191\11896\hotspot\src\share\vm\prims\jni.cpp, line 709]
Event: 7.162 Thread 0x0000000017d4d000 Implicit null exception at 0x00000000035a8b2a to 0x00000000035a92e1

Events (10 events):
Event: 7.563 Executing VM operation: RevokeBias done
Event: 7.563 Executing VM operation: RevokeBias
Event: 7.563 Executing VM operation: RevokeBias done
Event: 7.694 Executing VM operation: ParallelGCFailedAllocation
Event: 7.718 Executing VM operation: ParallelGCFailedAllocation done
Event: 7.848 Thread 0x0000000017d4d000 Uncommon trap: trap_request=0xffffff65 fr.pc=0x0000000002c043b4
Event: 7.848 Executing VM operation: RevokeBias
Event: 7.848 Executing VM operation: RevokeBias done
Event: 7.848 Thread 0x0000000017d4d000 DEOPT PACKING pc=0x0000000002c043b4 sp=0x000000001cc1e420
Event: 7.848 Thread 0x0000000017d4d000 DEOPT UNPACKING pc=0x0000000002ad583b sp=0x000000001cc1e220 mode 2


Dynamic libraries:
0x00007ff6189d0000 - 0x00007ff618a07000 	D:\Java\jdk1.8.0_191\jre\bin\javaw.exe
0x00007ffec7b80000 - 0x00007ffec7d61000 	C:\Windows\SYSTEM32\ntdll.dll
0x00007ffec63e0000 - 0x00007ffec6492000 	C:\Windows\System32\KERNEL32.DLL
0x00007ffec3f50000 - 0x00007ffec41c3000 	C:\Windows\System32\KERNELBASE.dll
0x00007ffec6250000 - 0x00007ffec62f1000 	C:\Windows\System32\ADVAPI32.dll
0x00007ffec5620000 - 0x00007ffec56be000 	C:\Windows\System32\msvcrt.dll
0x00007ffec6310000 - 0x00007ffec636b000 	C:\Windows\System32\sechost.dll
0x00007ffec64e0000 - 0x00007ffec6604000 	C:\Windows\System32\RPCRT4.dll
0x00007ffec5790000 - 0x00007ffec5920000 	C:\Windows\System32\USER32.dll
0x00007ffec48e0000 - 0x00007ffec4900000 	C:\Windows\System32\win32u.dll
0x00007ffec64b0000 - 0x00007ffec64d8000 	C:\Windows\System32\GDI32.dll
0x00007ffec4900000 - 0x00007ffec4a92000 	C:\Windows\System32\gdi32full.dll
0x00007ffec4d40000 - 0x00007ffec4ddf000 	C:\Windows\System32\msvcp_win.dll
0x00007ffec4e60000 - 0x00007ffec4f5a000 	C:\Windows\System32\ucrtbase.dll
0x00007ffebd1b0000 - 0x00007ffebd419000 	C:\Windows\WinSxS\amd64_microsoft.windows.common-controls_6595b64144ccf1df_6.0.17134.376_none_fb439a3730647da2\COMCTL32.dll
0x00007ffec5170000 - 0x00007ffec5493000 	C:\Windows\System32\combase.dll
0x00007ffec4de0000 - 0x00007ffec4e5a000 	C:\Windows\System32\bcryptPrimitives.dll
0x00007ffec6110000 - 0x00007ffec613d000 	C:\Windows\System32\IMM32.DLL
0x00000000526a0000 - 0x0000000052772000 	D:\Java\jdk1.8.0_191\jre\bin\msvcr100.dll
0x0000000051ca0000 - 0x0000000052544000 	D:\Java\jdk1.8.0_191\jre\bin\server\jvm.dll
0x00007ffec6300000 - 0x00007ffec6308000 	C:\Windows\System32\PSAPI.DLL
0x00007ffebfbc0000 - 0x00007ffebfbca000 	C:\Windows\SYSTEM32\VERSION.dll
0x00007ffebcc60000 - 0x00007ffebcc83000 	C:\Windows\SYSTEM32\WINMM.dll
0x00007ffeb9270000 - 0x00007ffeb9279000 	C:\Windows\SYSTEM32\WSOCK32.dll
0x00007ffec6140000 - 0x00007ffec61ac000 	C:\Windows\System32\WS2_32.dll
0x00007ffeb9ef0000 - 0x00007ffeb9f1a000 	C:\Windows\SYSTEM32\winmmbase.dll
0x00007ffec4aa0000 - 0x00007ffec4ae9000 	C:\Windows\System32\cfgmgr32.dll
0x0000000052690000 - 0x000000005269f000 	D:\Java\jdk1.8.0_191\jre\bin\verify.dll
0x0000000052660000 - 0x0000000052689000 	D:\Java\jdk1.8.0_191\jre\bin\java.dll
0x0000000052640000 - 0x0000000052656000 	D:\Java\jdk1.8.0_191\jre\bin\zip.dll
0x00007ffec6710000 - 0x00007ffec7b4f000 	C:\Windows\System32\SHELL32.dll
0x00007ffec5920000 - 0x00007ffec59c9000 	C:\Windows\System32\shcore.dll
0x00007ffec41d0000 - 0x00007ffec48dd000 	C:\Windows\System32\windows.storage.dll
0x00007ffec60b0000 - 0x00007ffec6101000 	C:\Windows\System32\shlwapi.dll
0x00007ffec3e90000 - 0x00007ffec3ea1000 	C:\Windows\System32\kernel.appcore.dll
0x00007ffec3f00000 - 0x00007ffec3f1f000 	C:\Windows\System32\profapi.dll
0x00007ffec3eb0000 - 0x00007ffec3efc000 	C:\Windows\System32\powrprof.dll
0x00007ffec3f40000 - 0x00007ffec3f4a000 	C:\Windows\System32\FLTLIB.DLL
0x00007ffec38a0000 - 0x00007ffec38b7000 	C:\Windows\SYSTEM32\CRYPTSP.dll
0x00007ffec3270000 - 0x00007ffec32a3000 	C:\Windows\system32\rsaenh.dll
0x00007ffec39d0000 - 0x00007ffec39f5000 	C:\Windows\SYSTEM32\bcrypt.dll
0x00007ffec3dc0000 - 0x00007ffec3de8000 	C:\Windows\SYSTEM32\USERENV.dll
0x00007ffec38c0000 - 0x00007ffec38cb000 	C:\Windows\SYSTEM32\CRYPTBASE.dll
0x0000000052620000 - 0x000000005263a000 	D:\Java\jdk1.8.0_191\jre\bin\net.dll
0x00007ffec36f0000 - 0x00007ffec3756000 	C:\Windows\system32\mswsock.dll
0x00007ffec3470000 - 0x00007ffec34a8000 	C:\Windows\SYSTEM32\IPHLPAPI.DLL
0x00007ffec63d0000 - 0x00007ffec63d8000 	C:\Windows\System32\NSI.dll
0x00007ffebebd0000 - 0x00007ffebebe6000 	C:\Windows\SYSTEM32\dhcpcsvc6.DLL
0x00007ffebebb0000 - 0x00007ffebebca000 	C:\Windows\SYSTEM32\dhcpcsvc.DLL
0x0000000052600000 - 0x0000000052611000 	D:\Java\jdk1.8.0_191\jre\bin\nio.dll
0x00007ffeba5e0000 - 0x00007ffeba5ea000 	C:\Users\Ruimeng Jin\AppData\Local\Temp\jansi-1.17.1-8969281675311841941.dll
0x00007ffeba5d0000 - 0x00007ffeba5da000 	C:\Users\Ruimeng Jin\AppData\Local\Temp\jansi-1.17.1-3099618028417159657.dll
0x00000000525f0000 - 0x00000000525fd000 	D:\Java\jdk1.8.0_191\jre\bin\management.dll

VM Arguments:
jvm_args: -Dmaven.home=E:\workspace\apache-maven-3.5.4 -Dclassworlds.conf=E:\workspace\Java\.metadata\.plugins\org.eclipse.m2e.launching\launches\m2conf18042693222061890689.tmp -Dmaven.multiModuleProjectDirectory=E:\workspace\Java\e3-manager-web -Dfile.encoding=UTF-8 
java_command: org.codehaus.plexus.classworlds.launcher.Launcher -B -s E:\workspace\apache-maven-3.5.4\conf\settings.xml clean tomcat7:run
java_class_path (initial): E:\workspace\apache-maven-3.5.4\boot\plexus-classworlds-2.5.2.jar
Launcher Type: SUN_STANDARD

Environment Variables:
JAVA_HOME=D:\Java\jdk-10.0.2
CLASSPATH=.;D:\Java\jdk-10.0.2\lib;D:\Java\jdk-10.0.2\lib\tools.jar
PATH=D:/Java/jdk-10.0.2/bin/server;D:/Java/jdk-10.0.2/bin;C:\Program Files (x86)\Common Files\Oracle\Java\javapath;C:\Windows\system32;C:\Windows;C:\Windows\System32\Wbem;C:\Windows\System32\WindowsPowerShell\v1.0\;C:\Windows\System32\OpenSSH\;C:\Program Files (x86)\NVIDIA Corporation\PhysX\Common;D:\Java\jdk-10.0.2\bin;D:\Java\jdk-10.0.2\jre\bin;D:\Subversion\bin;D:\SVN\Subversion\bin;D:\SVN\TortoiseSVN\bin;D:\Git\cmd;C:\Users\Ruimeng Jin\AppData\Local\Microsoft\WindowsApps;E:\Users\Ruimeng Jin\workspace\apache-maven-3.5.4\bin;;D:\eclipse;
USERNAME=Ruimeng Jin
OS=Windows_NT
PROCESSOR_IDENTIFIER=Intel64 Family 6 Model 42 Stepping 7, GenuineIntel



---------------  S Y S T E M  ---------------

OS: Windows 10.0 , 64 bit Build 17134 (10.0.17134.1)

CPU:total 4 (initial active 4) (2 cores per cpu, 2 threads per core) family 6 model 42 stepping 7, cmov, cx8, fxsr, mmx, sse, sse2, sse3, ssse3, sse4.1, sse4.2, popcnt, avx, clmul, ht, tsc, tscinvbit

Memory: 4k page, physical 4149248k(596888k free), swap 16732160k(5124k free)

vm_info: Java HotSpot(TM) 64-Bit Server VM (25.191-b12) for windows-amd64 JRE (1.8.0_191-b12), built on Oct  6 2018 09:29:03 by "java_re" with MS VC++ 10.0 (VS2010)

time: Sat Nov 17 22:16:47 2018
elapsed time: 7 seconds (0d 0h 0m 7s)

