#
# There is insufficient memory for the Java Runtime Environment to continue.
# Native memory allocation (malloc) failed to allocate 65552 bytes for Chunk::new
# Possible reasons:
#   The system is out of physical RAM or swap space
#   In 32 bit mode, the process size limit was hit
# Possible solutions:
#   Reduce memory load on the system
#   Increase physical memory or swap space
#   Check if swap backing store is full
#   Use 64 bit Java on a 64 bit OS
#   Decrease Java heap size (-Xmx/-Xms)
#   Decrease number of Java threads
#   Decrease Java thread stack sizes (-Xss)
#   Set larger code cache with -XX:ReservedCodeCacheSize=
# This output file may be truncated or incomplete.
#
#  Out of Memory Error (allocation.cpp:390), pid=816, tid=0x0000000000003c6c
#
# JRE version: Java(TM) SE Runtime Environment (8.0_191-b12) (build 1.8.0_191-b12)
# Java VM: Java HotSpot(TM) 64-Bit Server VM (25.191-b12 mixed mode windows-amd64 compressed oops)
# Failed to write core dump. Minidumps are not enabled by default on client versions of Windows
#

---------------  T H R E A D  ---------------

Current thread (0x000000001551a800):  JavaThread "C2 CompilerThread0" daemon [_thread_in_native, id=15468, stack(0x0000000016e10000,0x0000000016f10000)]

Stack: [0x0000000016e10000,0x0000000016f10000]
[error occurred during error reporting (printing stack bounds), id 0xc0000005]

Native frames: (J=compiled Java code, j=interpreted, Vv=VM code, C=native code)


Current CompileTask:
C2:  13782 4481   !   4       org.apache.catalina.startup.ContextConfig::checkHandlesTypes (453 bytes)


---------------  P R O C E S S  ---------------

Java Threads: ( => current thread )
  0x000000001a51d000 JavaThread "localhost-startStop-1" daemon [_thread_in_native, id=24300, stack(0x000000001ca70000,0x000000001cb70000)]
  0x0000000017c97000 JavaThread "Tomcat-startStop-1" daemon [_thread_blocked, id=23472, stack(0x000000001c300000,0x000000001c400000)]
  0x000000001689b000 JavaThread "Service Thread" daemon [_thread_blocked, id=3868, stack(0x0000000017110000,0x0000000017210000)]
  0x000000001682b800 JavaThread "C1 CompilerThread2" daemon [_thread_blocked, id=13596, stack(0x0000000017010000,0x0000000017110000)]
  0x000000001681a000 JavaThread "C2 CompilerThread1" daemon [_thread_in_native, id=27436, stack(0x0000000016f10000,0x0000000017010000)]
=>0x000000001551a800 JavaThread "C2 CompilerThread0" daemon [_thread_in_native, id=15468, stack(0x0000000016e10000,0x0000000016f10000)]
  0x00000000154b9000 JavaThread "Attach Listener" daemon [_thread_blocked, id=2300, stack(0x0000000016d10000,0x0000000016e10000)]
  0x0000000016818800 JavaThread "Signal Dispatcher" daemon [_thread_blocked, id=9560, stack(0x0000000016c10000,0x0000000016d10000)]
  0x0000000002e4a800 JavaThread "Finalizer" daemon [_thread_blocked, id=19496, stack(0x0000000016710000,0x0000000016810000)]
  0x0000000002e42000 JavaThread "Reference Handler" daemon [_thread_blocked, id=12148, stack(0x0000000016610000,0x0000000016710000)]
  0x0000000002d4d800 JavaThread "main" [_thread_blocked, id=11568, stack(0x0000000002b60000,0x0000000002c60000)]

Other Threads:
  0x0000000015486000 VMThread [stack: 0x0000000016510000,0x0000000016610000] [id=9988]
  0x000000001689f000 WatcherThread [stack: 0x0000000017210000,0x0000000017310000] [id=5936]

VM state:not at safepoint (normal execution)

VM Mutex/Monitor currently owned by a thread:  ([mutex/lock_event])
[0x0000000002d50350] MethodData_lock - owner thread: 0x0000000000000000

Heap:
 PSYoungGen      total 177152K, used 73817K [0x00000000eae00000, 0x00000000f8180000, 0x0000000100000000)
  eden space 146944K, 31% used [0x00000000eae00000,0x00000000edb92188,0x00000000f3d80000)
  from space 30208K, 89% used [0x00000000f3d80000,0x00000000f58043a8,0x00000000f5b00000)
  to   space 27136K, 0% used [0x00000000f5b00000,0x00000000f5b00000,0x00000000f7580000)
 ParOldGen       total 93184K, used 45917K [0x00000000c0a00000, 0x00000000c6500000, 0x00000000eae00000)
  object space 93184K, 49% used [0x00000000c0a00000,0x00000000c36d7568,0x00000000c6500000)
 Metaspace       used 30498K, capacity 31220K, committed 31488K, reserved 1077248K
  class space    used 3616K, capacity 3822K, committed 3840K, reserved 1048576K

Card table byte_map: [0x0000000012210000,0x0000000012410000] byte_map_base: 0x0000000011c0b000

Marking Bits: (ParMarkBitMap*) 0x0000000052323e30
 Begin Bits: [0x0000000012970000, 0x0000000013948000)
 End Bits:   [0x0000000013948000, 0x0000000014920000)

Polling page: 0x0000000000a80000

CodeCache: size=245760Kb used=13042Kb max_used=13042Kb free=232717Kb
 bounds [0x0000000002e50000, 0x0000000003b20000, 0x0000000011e50000]
 total_blobs=4555 nmethods=4112 adapters=355
 compilation: enabled

Compilation events (10 events):
Event: 13.754 Thread 0x000000001682b800 4791       2       jdk.internal.org.objectweb.asm.Frame::type (416 bytes)
Event: 13.756 Thread 0x000000001682b800 nmethod 4791 0x0000000003b12e10 code [0x0000000003b13020, 0x0000000003b13808]
Event: 13.756 Thread 0x000000001682b800 4788       2       java.lang.invoke.InvokerBytecodeGenerator::emitImplicitConversion (159 bytes)
Event: 13.757 Thread 0x000000001682b800 nmethod 4788 0x0000000003b13e90 code [0x0000000003b140a0, 0x0000000003b146d8]
Event: 13.757 Thread 0x000000001682b800 4787       2       sun.reflect.misc.ReflectUtil::isVMAnonymousClass (19 bytes)
Event: 13.757 Thread 0x000000001682b800 nmethod 4787 0x0000000003b14b90 code [0x0000000003b14d00, 0x0000000003b14f18]
Event: 13.757 Thread 0x000000001682b800 4792       2       jdk.internal.org.objectweb.asm.ByteVector::putInt (74 bytes)
Event: 13.757 Thread 0x000000001682b800 nmethod 4792 0x0000000003b15110 code [0x0000000003b15280, 0x0000000003b154c8]
Event: 13.757 Thread 0x000000001682b800 4790       1       java.lang.invoke.LambdaForm::arity (5 bytes)
Event: 13.757 Thread 0x000000001682b800 nmethod 4790 0x0000000003b15650 code [0x0000000003b157a0, 0x0000000003b158b0]

GC Heap History (10 events):
Event: 8.772 GC heap before
{Heap before GC invocations=11 (full 1):
 PSYoungGen      total 136704K, used 136695K [0x00000000eae00000, 0x00000000f4c80000, 0x0000000100000000)
  eden space 125440K, 100% used [0x00000000eae00000,0x00000000f2880000,0x00000000f2880000)
  from space 11264K, 99% used [0x00000000f2900000,0x00000000f33fdea8,0x00000000f3400000)
  to   space 18432K, 0% used [0x00000000f3a80000,0x00000000f3a80000,0x00000000f4c80000)
 ParOldGen       total 41472K, used 28589K [0x00000000c0a00000, 0x00000000c3280000, 0x00000000eae00000)
  object space 41472K, 68% used [0x00000000c0a00000,0x00000000c25eb710,0x00000000c3280000)
 Metaspace       used 28771K, capacity 29376K, committed 29568K, reserved 1075200K
  class space    used 3423K, capacity 3591K, committed 3712K, reserved 1048576K
Event: 8.816 GC heap after
Heap after GC invocations=11 (full 1):
 PSYoungGen      total 137728K, used 18404K [0x00000000eae00000, 0x00000000f8580000, 0x0000000100000000)
  eden space 119296K, 0% used [0x00000000eae00000,0x00000000eae00000,0x00000000f2280000)
  from space 18432K, 99% used [0x00000000f3a80000,0x00000000f4c79130,0x00000000f4c80000)
  to   space 24576K, 0% used [0x00000000f2280000,0x00000000f2280000,0x00000000f3a80000)
 ParOldGen       total 41472K, used 38176K [0x00000000c0a00000, 0x00000000c3280000, 0x00000000eae00000)
  object space 41472K, 92% used [0x00000000c0a00000,0x00000000c2f483c0,0x00000000c3280000)
 Metaspace       used 28771K, capacity 29376K, committed 29568K, reserved 1075200K
  class space    used 3423K, capacity 3591K, committed 3712K, reserved 1048576K
}
Event: 8.816 GC heap before
{Heap before GC invocations=12 (full 2):
 PSYoungGen      total 137728K, used 18404K [0x00000000eae00000, 0x00000000f8580000, 0x0000000100000000)
  eden space 119296K, 0% used [0x00000000eae00000,0x00000000eae00000,0x00000000f2280000)
  from space 18432K, 99% used [0x00000000f3a80000,0x00000000f4c79130,0x00000000f4c80000)
  to   space 24576K, 0% used [0x00000000f2280000,0x00000000f2280000,0x00000000f3a80000)
 ParOldGen       total 41472K, used 38176K [0x00000000c0a00000, 0x00000000c3280000, 0x00000000eae00000)
  object space 41472K, 92% used [0x00000000c0a00000,0x00000000c2f483c0,0x00000000c3280000)
 Metaspace       used 28771K, capacity 29376K, committed 29568K, reserved 1075200K
  class space    used 3423K, capacity 3591K, committed 3712K, reserved 1048576K
Event: 9.054 GC heap after
Heap after GC invocations=12 (full 2):
 PSYoungGen      total 137728K, used 8592K [0x00000000eae00000, 0x00000000f8580000, 0x0000000100000000)
  eden space 119296K, 0% used [0x00000000eae00000,0x00000000eae00000,0x00000000f2280000)
  from space 18432K, 46% used [0x00000000f3a80000,0x00000000f42e4210,0x00000000f4c80000)
  to   space 24576K, 0% used [0x00000000f2280000,0x00000000f2280000,0x00000000f3a80000)
 ParOldGen       total 93184K, used 41278K [0x00000000c0a00000, 0x00000000c6500000, 0x00000000eae00000)
  object space 93184K, 44% used [0x00000000c0a00000,0x00000000c324fbe0,0x00000000c6500000)
 Metaspace       used 28771K, capacity 29376K, committed 29568K, reserved 1075200K
  class space    used 3423K, capacity 3591K, committed 3712K, reserved 1048576K
}
Event: 9.976 GC heap before
{Heap before GC invocations=13 (full 2):
 PSYoungGen      total 137728K, used 127888K [0x00000000eae00000, 0x00000000f8580000, 0x0000000100000000)
  eden space 119296K, 100% used [0x00000000eae00000,0x00000000f2280000,0x00000000f2280000)
  from space 18432K, 46% used [0x00000000f3a80000,0x00000000f42e4210,0x00000000f4c80000)
  to   space 24576K, 0% used [0x00000000f2280000,0x00000000f2280000,0x00000000f3a80000)
 ParOldGen       total 93184K, used 41278K [0x00000000c0a00000, 0x00000000c6500000, 0x00000000eae00000)
  object space 93184K, 44% used [0x00000000c0a00000,0x00000000c324fbe0,0x00000000c6500000)
 Metaspace       used 28773K, capacity 29376K, committed 29568K, reserved 1075200K
  class space    used 3423K, capacity 3591K, committed 3712K, reserved 1048576K
Event: 10.018 GC heap after
Heap after GC invocations=13 (full 2):
 PSYoungGen      total 143872K, used 20638K [0x00000000eae00000, 0x00000000f7580000, 0x0000000100000000)
  eden space 119296K, 0% used [0x00000000eae00000,0x00000000eae00000,0x00000000f2280000)
  from space 24576K, 83% used [0x00000000f2280000,0x00000000f36a7940,0x00000000f3a80000)
  to   space 27136K, 0% used [0x00000000f5b00000,0x00000000f5b00000,0x00000000f7580000)
 ParOldGen       total 93184K, used 43325K [0x00000000c0a00000, 0x00000000c6500000, 0x00000000eae00000)
  object space 93184K, 46% used [0x00000000c0a00000,0x00000000c344f568,0x00000000c6500000)
 Metaspace       used 28773K, capacity 29376K, committed 29568K, reserved 1075200K
  class space    used 3423K, capacity 3591K, committed 3712K, reserved 1048576K
}
Event: 10.598 GC heap before
{Heap before GC invocations=14 (full 2):
 PSYoungGen      total 143872K, used 139934K [0x00000000eae00000, 0x00000000f7580000, 0x0000000100000000)
  eden space 119296K, 100% used [0x00000000eae00000,0x00000000f2280000,0x00000000f2280000)
  from space 24576K, 83% used [0x00000000f2280000,0x00000000f36a7940,0x00000000f3a80000)
  to   space 27136K, 0% used [0x00000000f5b00000,0x00000000f5b00000,0x00000000f7580000)
 ParOldGen       total 93184K, used 43325K [0x00000000c0a00000, 0x00000000c6500000, 0x00000000eae00000)
  object space 93184K, 46% used [0x00000000c0a00000,0x00000000c344f568,0x00000000c6500000)
 Metaspace       used 28802K, capacity 29386K, committed 29568K, reserved 1075200K
  class space    used 3427K, capacity 3593K, committed 3712K, reserved 1048576K
Event: 10.648 GC heap after
Heap after GC invocations=14 (full 2):
 PSYoungGen      total 174080K, used 23890K [0x00000000eae00000, 0x00000000f8180000, 0x0000000100000000)
  eden space 146944K, 0% used [0x00000000eae00000,0x00000000eae00000,0x00000000f3d80000)
  from space 27136K, 88% used [0x00000000f5b00000,0x00000000f72548e8,0x00000000f7580000)
  to   space 30208K, 0% used [0x00000000f3d80000,0x00000000f3d80000,0x00000000f5b00000)
 ParOldGen       total 93184K, used 43325K [0x00000000c0a00000, 0x00000000c6500000, 0x00000000eae00000)
  object space 93184K, 46% used [0x00000000c0a00000,0x00000000c344f568,0x00000000c6500000)
 Metaspace       used 28802K, capacity 29386K, committed 29568K, reserved 1075200K
  class space    used 3427K, capacity 3593K, committed 3712K, reserved 1048576K
}
Event: 12.196 GC heap before
{Heap before GC invocations=15 (full 2):
 PSYoungGen      total 174080K, used 170834K [0x00000000eae00000, 0x00000000f8180000, 0x0000000100000000)
  eden space 146944K, 100% used [0x00000000eae00000,0x00000000f3d80000,0x00000000f3d80000)
  from space 27136K, 88% used [0x00000000f5b00000,0x00000000f72548e8,0x00000000f7580000)
  to   space 30208K, 0% used [0x00000000f3d80000,0x00000000f3d80000,0x00000000f5b00000)
 ParOldGen       total 93184K, used 43325K [0x00000000c0a00000, 0x00000000c6500000, 0x00000000eae00000)
  object space 93184K, 46% used [0x00000000c0a00000,0x00000000c344f568,0x00000000c6500000)
 Metaspace       used 28803K, capacity 29386K, committed 29568K, reserved 1075200K
  class space    used 3427K, capacity 3593K, committed 3712K, reserved 1048576K
Event: 12.253 GC heap after
Heap after GC invocations=15 (full 2):
 PSYoungGen      total 177152K, used 27152K [0x00000000eae00000, 0x00000000f8180000, 0x0000000100000000)
  eden space 146944K, 0% used [0x00000000eae00000,0x00000000eae00000,0x00000000f3d80000)
  from space 30208K, 89% used [0x00000000f3d80000,0x00000000f58043a8,0x00000000f5b00000)
  to   space 27136K, 0% used [0x00000000f5b00000,0x00000000f5b00000,0x00000000f7580000)
 ParOldGen       total 93184K, used 45917K [0x00000000c0a00000, 0x00000000c6500000, 0x00000000eae00000)
  object space 93184K, 49% used [0x00000000c0a00000,0x00000000c36d7568,0x00000000c6500000)
 Metaspace       used 28803K, capacity 29386K, committed 29568K, reserved 1075200K
  class space    used 3427K, capacity 3593K, committed 3712K, reserved 1048576K
}

Deoptimization events (10 events):
Event: 12.901 Thread 0x000000001a51d000 Uncommon trap: reason=unstable_if action=reinterpret pc=0x0000000003473d64 method=com.sun.org.apache.xerces.internal.utils.XMLLimitAnalyzer.addValue(ILjava/lang/String;I)V @ 7
Event: 12.901 Thread 0x000000001a51d000 Uncommon trap: reason=unstable_if action=reinterpret pc=0x00000000030c1260 method=com.sun.org.apache.xerces.internal.utils.XMLSecurityManager.isOverLimit(ILcom/sun/org/apache/xerces/internal/utils/XMLLimitAnalyzer;)Z @ 28
Event: 12.901 Thread 0x000000001a51d000 Uncommon trap: reason=unstable_if action=reinterpret pc=0x00000000031c1328 method=com.sun.org.apache.xerces.internal.impl.XMLEntityScanner.skipString(Ljava/lang/String;)Z @ 59
Event: 12.905 Thread 0x000000001a51d000 Uncommon trap: reason=unstable_if action=reinterpret pc=0x000000000334a280 method=com.sun.org.apache.xerces.internal.util.SymbolTable.addSymbol([CII)Ljava/lang/String; @ 64
Event: 12.913 Thread 0x000000001a51d000 Uncommon trap: reason=class_check action=maybe_recompile pc=0x00000000034a0ea8 method=com.sun.org.apache.xerces.internal.impl.XMLDocumentFragmentScannerImpl.scanEndElement()I @ 145
Event: 12.913 Thread 0x000000001a51d000 Uncommon trap: reason=class_check action=maybe_recompile pc=0x00000000034a0ea8 method=com.sun.org.apache.xerces.internal.impl.XMLDocumentFragmentScannerImpl.scanEndElement()I @ 145
Event: 12.913 Thread 0x000000001a51d000 Uncommon trap: reason=class_check action=maybe_recompile pc=0x00000000034a0ea8 method=com.sun.org.apache.xerces.internal.impl.XMLDocumentFragmentScannerImpl.scanEndElement()I @ 145
Event: 12.913 Thread 0x000000001a51d000 Uncommon trap: reason=class_check action=maybe_recompile pc=0x00000000034a0ea8 method=com.sun.org.apache.xerces.internal.impl.XMLDocumentFragmentScannerImpl.scanEndElement()I @ 145
Event: 13.089 Thread 0x000000001a51d000 Uncommon trap: reason=bimorphic action=maybe_recompile pc=0x00000000033c286c method=java.util.Hashtable.put(Ljava/lang/Object;Ljava/lang/Object;)Ljava/lang/Object; @ 18
Event: 13.715 Thread 0x000000001a51d000 Uncommon trap: reason=unstable_if action=reinterpret pc=0x0000000002f985f0 method=java.util.ArrayList.toArray([Ljava/lang/Object;)[Ljava/lang/Object; @ 48

Classes redefined (0 events):
No events

Internal exceptions (10 events):
Event: 2.603 Thread 0x0000000002d4d800 Implicit null exception at 0x000000000323c72f to 0x000000000323c799
Event: 2.607 Thread 0x0000000002d4d800 Implicit null exception at 0x00000000031c7f5b to 0x00000000031c83c5
Event: 3.796 Thread 0x0000000002d4d800 Implicit null exception at 0x00000000035ce11f to 0x00000000035cf419
Event: 4.712 Thread 0x0000000002d4d800 Exception <a 'java/lang/ClassNotFoundException': com/sun/tools/javac/api/JavacTool> (0x00000000ed98eab8) thrown at [C:\re\workspace\8-2-build-windows-amd64-cygwin\jdk8u191\11896\hotspot\src\share\vm\classfile\systemDictionary.cpp, line 210]
Event: 5.500 Thread 0x0000000002d4d800 Exception <a 'java/io/FileNotFoundException'> (0x00000000eb91ca28) thrown at [C:\re\workspace\8-2-build-windows-amd64-cygwin\jdk8u191\11896\hotspot\src\share\vm\prims\jni.cpp, line 709]
Event: 5.504 Thread 0x0000000002d4d800 Exception <a 'java/io/FileNotFoundException'> (0x00000000eb950fd0) thrown at [C:\re\workspace\8-2-build-windows-amd64-cygwin\jdk8u191\11896\hotspot\src\share\vm\prims\jni.cpp, line 709]
Event: 6.460 Thread 0x0000000002d4d800 Exception <a 'java/io/FileNotFoundException'> (0x00000000eead3768) thrown at [C:\re\workspace\8-2-build-windows-amd64-cygwin\jdk8u191\11896\hotspot\src\share\vm\prims\jni.cpp, line 709]
Event: 7.274 Thread 0x000000001a51d000 Implicit null exception at 0x000000000391378a to 0x0000000003914179
Event: 13.715 Thread 0x000000001a51d000 Exception <a 'java/lang/NoSuchFieldError': method resolution failed> (0x00000000edab2068) thrown at [C:\re\workspace\8-2-build-windows-amd64-cygwin\jdk8u191\11896\hotspot\src\share\vm\prims\methodHandles.cpp, line 1167]
Event: 13.717 Thread 0x000000001a51d000 Exception <a 'java/lang/NoSuchFieldError': method resolution failed> (0x00000000edabf728) thrown at [C:\re\workspace\8-2-build-windows-amd64-cygwin\jdk8u191\11896\hotspot\src\share\vm\prims\methodHandles.cpp, line 1167]

Events (10 events):
Event: 13.739 loading class java/lang/invoke/LambdaFormEditor$Transform done
Event: 13.740 loading class java/lang/invoke/LambdaFormBuffer
Event: 13.749 loading class java/lang/invoke/LambdaFormBuffer done
Event: 13.753 Thread 0x000000001a51d000 DEOPT PACKING pc=0x0000000003af22b1 sp=0x000000001cb6bcc0
Event: 13.753 Thread 0x000000001a51d000 DEOPT UNPACKING pc=0x0000000002e97890 sp=0x000000001cb6ba18 mode 0
Event: 13.758 loading class java/lang/invoke/BoundMethodHandle$SpeciesData$1
Event: 13.760 loading class java/lang/invoke/BoundMethodHandle$SpeciesData$1 done
Event: 13.760 loading class java/lang/invoke/BoundMethodHandle$Factory$1
Event: 13.760 loading class java/lang/invoke/BoundMethodHandle$Factory$1 done
Event: 13.760 loading class java/util/concurrent/ConcurrentHashMap$ReservationNode


Dynamic libraries:
0x00007ff739090000 - 0x00007ff7390c7000 	D:\Java\jdk1.8.0_191\jre\bin\javaw.exe
0x00007ffec7b80000 - 0x00007ffec7d61000 	C:\Windows\SYSTEM32\ntdll.dll
0x00007ffec63e0000 - 0x00007ffec6492000 	C:\Windows\System32\KERNEL32.DLL
0x00007ffec3f50000 - 0x00007ffec41c3000 	C:\Windows\System32\KERNELBASE.dll
0x00007ffec6250000 - 0x00007ffec62f1000 	C:\Windows\System32\ADVAPI32.dll
0x00007ffec5620000 - 0x00007ffec56be000 	C:\Windows\System32\msvcrt.dll
0x00007ffec6310000 - 0x00007ffec636b000 	C:\Windows\System32\sechost.dll
0x00007ffec64e0000 - 0x00007ffec6604000 	C:\Windows\System32\RPCRT4.dll
0x00007ffec5790000 - 0x00007ffec5920000 	C:\Windows\System32\USER32.dll
0x00007ffec48e0000 - 0x00007ffec4900000 	C:\Windows\System32\win32u.dll
0x00007ffec64b0000 - 0x00007ffec64d8000 	C:\Windows\System32\GDI32.dll
0x00007ffec4900000 - 0x00007ffec4a92000 	C:\Windows\System32\gdi32full.dll
0x00007ffec4d40000 - 0x00007ffec4ddf000 	C:\Windows\System32\msvcp_win.dll
0x00007ffec4e60000 - 0x00007ffec4f5a000 	C:\Windows\System32\ucrtbase.dll
0x00007ffebd1b0000 - 0x00007ffebd419000 	C:\Windows\WinSxS\amd64_microsoft.windows.common-controls_6595b64144ccf1df_6.0.17134.376_none_fb439a3730647da2\COMCTL32.dll
0x00007ffec5170000 - 0x00007ffec5493000 	C:\Windows\System32\combase.dll
0x00007ffec4de0000 - 0x00007ffec4e5a000 	C:\Windows\System32\bcryptPrimitives.dll
0x00007ffec6110000 - 0x00007ffec613d000 	C:\Windows\System32\IMM32.DLL
0x0000000053160000 - 0x0000000053232000 	D:\Java\jdk1.8.0_191\jre\bin\msvcr100.dll
0x0000000051b00000 - 0x00000000523a4000 	D:\Java\jdk1.8.0_191\jre\bin\server\jvm.dll
0x00007ffec6300000 - 0x00007ffec6308000 	C:\Windows\System32\PSAPI.DLL
0x00007ffebfbc0000 - 0x00007ffebfbca000 	C:\Windows\SYSTEM32\VERSION.dll
0x00007ffebcc60000 - 0x00007ffebcc83000 	C:\Windows\SYSTEM32\WINMM.dll
0x00007ffeb9ab0000 - 0x00007ffeb9ab9000 	C:\Windows\SYSTEM32\WSOCK32.dll
0x00007ffec6140000 - 0x00007ffec61ac000 	C:\Windows\System32\WS2_32.dll
0x00007ffeb9ef0000 - 0x00007ffeb9f1a000 	C:\Windows\SYSTEM32\winmmbase.dll
0x00007ffec4aa0000 - 0x00007ffec4ae9000 	C:\Windows\System32\cfgmgr32.dll
0x0000000053150000 - 0x000000005315f000 	D:\Java\jdk1.8.0_191\jre\bin\verify.dll
0x0000000053120000 - 0x0000000053149000 	D:\Java\jdk1.8.0_191\jre\bin\java.dll
0x0000000053100000 - 0x0000000053116000 	D:\Java\jdk1.8.0_191\jre\bin\zip.dll
0x00007ffec6710000 - 0x00007ffec7b4f000 	C:\Windows\System32\SHELL32.dll
0x00007ffec5920000 - 0x00007ffec59c9000 	C:\Windows\System32\shcore.dll
0x00007ffec41d0000 - 0x00007ffec48dd000 	C:\Windows\System32\windows.storage.dll
0x00007ffec60b0000 - 0x00007ffec6101000 	C:\Windows\System32\shlwapi.dll
0x00007ffec3e90000 - 0x00007ffec3ea1000 	C:\Windows\System32\kernel.appcore.dll
0x00007ffec3f00000 - 0x00007ffec3f1f000 	C:\Windows\System32\profapi.dll
0x00007ffec3eb0000 - 0x00007ffec3efc000 	C:\Windows\System32\powrprof.dll
0x00007ffec3f40000 - 0x00007ffec3f4a000 	C:\Windows\System32\FLTLIB.DLL
0x00007ffec38a0000 - 0x00007ffec38b7000 	C:\Windows\SYSTEM32\CRYPTSP.dll
0x00007ffec3270000 - 0x00007ffec32a3000 	C:\Windows\system32\rsaenh.dll
0x00007ffec39d0000 - 0x00007ffec39f5000 	C:\Windows\SYSTEM32\bcrypt.dll
0x00007ffec3dc0000 - 0x00007ffec3de8000 	C:\Windows\SYSTEM32\USERENV.dll
0x00007ffec38c0000 - 0x00007ffec38cb000 	C:\Windows\SYSTEM32\CRYPTBASE.dll
0x00000000530e0000 - 0x00000000530fa000 	D:\Java\jdk1.8.0_191\jre\bin\net.dll
0x00007ffec36f0000 - 0x00007ffec3756000 	C:\Windows\system32\mswsock.dll
0x00007ffec3470000 - 0x00007ffec34a8000 	C:\Windows\SYSTEM32\IPHLPAPI.DLL
0x00007ffec63d0000 - 0x00007ffec63d8000 	C:\Windows\System32\NSI.dll
0x00007ffebebd0000 - 0x00007ffebebe6000 	C:\Windows\SYSTEM32\dhcpcsvc6.DLL
0x00007ffebebb0000 - 0x00007ffebebca000 	C:\Windows\SYSTEM32\dhcpcsvc.DLL
0x00000000530c0000 - 0x00000000530d1000 	D:\Java\jdk1.8.0_191\jre\bin\nio.dll
0x00007ffeba5c0000 - 0x00007ffeba5ca000 	C:\Users\Ruimeng Jin\AppData\Local\Temp\jansi-1.17.1-5976886820496433226.dll
0x00007ffeb9fa0000 - 0x00007ffeb9faa000 	C:\Users\Ruimeng Jin\AppData\Local\Temp\jansi-1.17.1-4963153411463992267.dll
0x00000000530b0000 - 0x00000000530bd000 	D:\Java\jdk1.8.0_191\jre\bin\management.dll

VM Arguments:
jvm_args: -Dmaven.home=E:\workspace\apache-maven-3.5.4 -Dclassworlds.conf=E:\workspace\Java\.metadata\.plugins\org.eclipse.m2e.launching\launches\m2conf5264906549958804777.tmp -Dmaven.multiModuleProjectDirectory=E:\workspace\Java\e3-portal-web -Dfile.encoding=UTF-8 
java_command: org.codehaus.plexus.classworlds.launcher.Launcher -B -s E:\workspace\apache-maven-3.5.4\conf\settings.xml clean tomcat7:run
java_class_path (initial): E:\workspace\apache-maven-3.5.4\boot\plexus-classworlds-2.5.2.jar
Launcher Type: SUN_STANDARD

Environment Variables:
JAVA_HOME=D:\Java\jdk-10.0.2
CLASSPATH=.;D:\Java\jdk-10.0.2\lib;D:\Java\jdk-10.0.2\lib\tools.jar
PATH=D:/Java/jdk-10.0.2/bin/server;D:/Java/jdk-10.0.2/bin;C:\Program Files (x86)\Common Files\Oracle\Java\javapath;C:\Windows\system32;C:\Windows;C:\Windows\System32\Wbem;C:\Windows\System32\WindowsPowerShell\v1.0\;C:\Windows\System32\OpenSSH\;C:\Program Files (x86)\NVIDIA Corporation\PhysX\Common;D:\Java\jdk-10.0.2\bin;D:\Java\jdk-10.0.2\jre\bin;D:\Subversion\bin;D:\SVN\Subversion\bin;D:\SVN\TortoiseSVN\bin;D:\Git\cmd;C:\Users\Ruimeng Jin\AppData\Local\Microsoft\WindowsApps;E:\Users\Ruimeng Jin\workspace\apache-maven-3.5.4\bin;;D:\eclipse;
USERNAME=Ruimeng Jin
OS=Windows_NT
PROCESSOR_IDENTIFIER=Intel64 Family 6 Model 42 Stepping 7, GenuineIntel



---------------  S Y S T E M  ---------------

OS: Windows 10.0 , 64 bit Build 17134 (10.0.17134.1)

CPU:total 4 (initial active 4) (2 cores per cpu, 2 threads per core) family 6 model 42 stepping 7, cmov, cx8, fxsr, mmx, sse, sse2, sse3, ssse3, sse4.1, sse4.2, popcnt, avx, clmul, ht, tsc, tscinvbit

Memory: 4k page, physical 4149248k(364964k free), swap 16732160k(2812k free)

vm_info: Java HotSpot(TM) 64-Bit Server VM (25.191-b12) for windows-amd64 JRE (1.8.0_191-b12), built on Oct  6 2018 09:29:03 by "java_re" with MS VC++ 10.0 (VS2010)

time: Sun Nov 18 20:24:26 2018
elapsed time: 13 seconds (0d 0h 0m 13s)

