#
# There is insufficient memory for the Java Runtime Environment to continue.
# Native memory allocation (malloc) failed to allocate 131088 bytes for Chunk::new
# Possible reasons:
#   The system is out of physical RAM or swap space
#   In 32 bit mode, the process size limit was hit
# Possible solutions:
#   Reduce memory load on the system
#   Increase physical memory or swap space
#   Check if swap backing store is full
#   Use 64 bit Java on a 64 bit OS
#   Decrease Java heap size (-Xmx/-Xms)
#   Decrease number of Java threads
#   Decrease Java thread stack sizes (-Xss)
#   Set larger code cache with -XX:ReservedCodeCacheSize=
# This output file may be truncated or incomplete.
#
#  Out of Memory Error (allocation.cpp:390), pid=17860, tid=0x0000000000003340
#
# JRE version: Java(TM) SE Runtime Environment (8.0_191-b12) (build 1.8.0_191-b12)
# Java VM: Java HotSpot(TM) 64-Bit Server VM (25.191-b12 mixed mode windows-amd64 compressed oops)
# Failed to write core dump. Minidumps are not enabled by default on client versions of Windows
#

---------------  T H R E A D  ---------------

Current thread (0x0000000016fd9800):  JavaThread "C2 CompilerThread1" daemon [_thread_in_native, id=13120, stack(0x0000000017680000,0x0000000017780000)]

Stack: [0x0000000017680000,0x0000000017780000]
[error occurred during error reporting (printing stack bounds), id 0xc0000005]

Native frames: (J=compiled Java code, j=interpreted, Vv=VM code, C=native code)


Current CompileTask:
C2:  13275 4424   !   4       org.apache.catalina.startup.ContextConfig::populateJavaClassCache (159 bytes)


---------------  P R O C E S S  ---------------

Java Threads: ( => current thread )
  0x000000001d265000 JavaThread "localhost-startStop-1" daemon [_thread_blocked, id=920, stack(0x000000001d280000,0x000000001d380000)]
  0x0000000017b0e800 JavaThread "Tomcat-startStop-1" daemon [_thread_blocked, id=23872, stack(0x000000001bec0000,0x000000001bfc0000)]
  0x0000000016fe2800 JavaThread "Service Thread" daemon [_thread_blocked, id=6832, stack(0x0000000017880000,0x0000000017980000)]
  0x0000000016fdc000 JavaThread "C1 CompilerThread2" daemon [_thread_in_vm, id=7960, stack(0x0000000017780000,0x0000000017880000)]
=>0x0000000016fd9800 JavaThread "C2 CompilerThread1" daemon [_thread_in_native, id=13120, stack(0x0000000017680000,0x0000000017780000)]
  0x0000000015c6c000 JavaThread "C2 CompilerThread0" daemon [_thread_in_native, id=2760, stack(0x0000000017580000,0x0000000017680000)]
  0x0000000015c6a800 JavaThread "Attach Listener" daemon [_thread_blocked, id=20056, stack(0x0000000017480000,0x0000000017580000)]
  0x0000000016f90800 JavaThread "Signal Dispatcher" daemon [_thread_blocked, id=26260, stack(0x0000000017380000,0x0000000017480000)]
  0x000000000353a800 JavaThread "Finalizer" daemon [_thread_blocked, id=11632, stack(0x0000000016e80000,0x0000000016f80000)]
  0x0000000003532000 JavaThread "Reference Handler" daemon [_thread_blocked, id=12136, stack(0x0000000016d80000,0x0000000016e80000)]
  0x000000000359d800 JavaThread "main" [_thread_in_native, id=13292, stack(0x0000000002ff0000,0x00000000030f0000)]

Other Threads:
  0x0000000015bd6000 VMThread [stack: 0x0000000016c80000,0x0000000016d80000] [id=2528]
  0x0000000016ff6800 WatcherThread [stack: 0x0000000017980000,0x0000000017a80000] [id=12772]

VM state:not at safepoint (normal execution)

VM Mutex/Monitor currently owned by a thread:  ([mutex/lock_event])
[0x000000000359c3b0] CodeCache_lock - owner thread: 0x0000000016fdc000

Heap:
 PSYoungGen      total 141312K, used 87914K [0x00000000eae00000, 0x00000000f8a00000, 0x0000000100000000)
  eden space 122880K, 64% used [0x00000000eae00000,0x00000000efae6a10,0x00000000f2600000)
  from space 18432K, 49% used [0x00000000f3e80000,0x00000000f4774198,0x00000000f5080000)
  to   space 25088K, 0% used [0x00000000f2600000,0x00000000f2600000,0x00000000f3e80000)
 ParOldGen       total 42496K, used 42180K [0x00000000c0a00000, 0x00000000c3380000, 0x00000000eae00000)
  object space 42496K, 99% used [0x00000000c0a00000,0x00000000c3331270,0x00000000c3380000)
 Metaspace       used 28831K, capacity 29450K, committed 29824K, reserved 1075200K
  class space    used 3429K, capacity 3593K, committed 3712K, reserved 1048576K

Card table byte_map: [0x0000000012960000,0x0000000012b60000] byte_map_base: 0x000000001235b000

Marking Bits: (ParMarkBitMap*) 0x0000000052323e30
 Begin Bits: [0x00000000130c0000, 0x0000000014098000)
 End Bits:   [0x0000000014098000, 0x0000000015070000)

Polling page: 0x0000000000df0000

CodeCache: size=245760Kb used=13277Kb max_used=13316Kb free=232482Kb
 bounds [0x00000000035a0000, 0x00000000042d0000, 0x00000000125a0000]
 total_blobs=4281 nmethods=3845 adapters=348
 compilation: enabled

Compilation events (10 events):
Event: 11.435 Thread 0x0000000016fd9800 nmethod 4415 0x00000000040d2390 code [0x00000000040d2500, 0x00000000040d2c78]
Event: 11.435 Thread 0x0000000016fd9800 4416       4       java.util.ArrayList::toArray (60 bytes)
Event: 11.441 Thread 0x0000000016fd9800 nmethod 4416 0x00000000040d1b90 code [0x00000000040d1ce0, 0x00000000040d2198]
Event: 11.441 Thread 0x0000000016fd9800 4422       4       sun.net.www.protocol.file.Handler::parseURL (18 bytes)
Event: 11.453 Thread 0x0000000016fd9800 nmethod 4422 0x00000000040c8550 code [0x00000000040c86c0, 0x00000000040c8b88]
Event: 11.453 Thread 0x0000000016fd9800 4423       4       org.apache.tomcat.util.bcel.classfile.ClassParser::readFields (51 bytes)
Event: 11.463 Thread 0x0000000016fd9800 nmethod 4423 0x00000000040c9d10 code [0x00000000040c9ec0, 0x00000000040ca490]
Event: 11.463 Thread 0x0000000016fd9800 4424   !   4       org.apache.catalina.startup.ContextConfig::populateJavaClassCache (159 bytes)
Event: 11.765 Thread 0x0000000016fdc000 4434       3       sun.net.www.protocol.jar.URLJarFile::finalize (5 bytes)
Event: 11.766 Thread 0x0000000016fdc000 nmethod 4434 0x00000000040c9790 code [0x00000000040c9920, 0x00000000040c9bb8]

GC Heap History (10 events):
Event: 6.909 GC heap before
{Heap before GC invocations=8 (full 1):
 PSYoungGen      total 72704K, used 7136K [0x00000000eae00000, 0x00000000f3f00000, 0x0000000100000000)
  eden space 65536K, 0% used [0x00000000eae00000,0x00000000eae00000,0x00000000eee00000)
  from space 7168K, 99% used [0x00000000eee00000,0x00000000ef4f8128,0x00000000ef500000)
  to   space 8704K, 0% used [0x00000000f3680000,0x00000000f3680000,0x00000000f3f00000)
 ParOldGen       total 44032K, used 13181K [0x00000000c0a00000, 0x00000000c3500000, 0x00000000eae00000)
  object space 44032K, 29% used [0x00000000c0a00000,0x00000000c16df738,0x00000000c3500000)
 Metaspace       used 20633K, capacity 21126K, committed 21296K, reserved 1069056K
  class space    used 2492K, capacity 2653K, committed 2688K, reserved 1048576K
Event: 7.013 GC heap after
Heap after GC invocations=8 (full 1):
 PSYoungGen      total 72704K, used 0K [0x00000000eae00000, 0x00000000f3f00000, 0x0000000100000000)
  eden space 65536K, 0% used [0x00000000eae00000,0x00000000eae00000,0x00000000eee00000)
  from space 7168K, 0% used [0x00000000eee00000,0x00000000eee00000,0x00000000ef500000)
  to   space 8704K, 0% used [0x00000000f3680000,0x00000000f3680000,0x00000000f3f00000)
 ParOldGen       total 42496K, used 13152K [0x00000000c0a00000, 0x00000000c3380000, 0x00000000eae00000)
  object space 42496K, 30% used [0x00000000c0a00000,0x00000000c16d81a8,0x00000000c3380000)
 Metaspace       used 20633K, capacity 21126K, committed 21296K, reserved 1069056K
  class space    used 2492K, capacity 2653K, committed 2688K, reserved 1048576K
}
Event: 8.977 GC heap before
{Heap before GC invocations=9 (full 1):
 PSYoungGen      total 72704K, used 65536K [0x00000000eae00000, 0x00000000f3f00000, 0x0000000100000000)
  eden space 65536K, 100% used [0x00000000eae00000,0x00000000eee00000,0x00000000eee00000)
  from space 7168K, 0% used [0x00000000eee00000,0x00000000eee00000,0x00000000ef500000)
  to   space 8704K, 0% used [0x00000000f3680000,0x00000000f3680000,0x00000000f3f00000)
 ParOldGen       total 42496K, used 13152K [0x00000000c0a00000, 0x00000000c3380000, 0x00000000eae00000)
  object space 42496K, 30% used [0x00000000c0a00000,0x00000000c16d81a8,0x00000000c3380000)
 Metaspace       used 23954K, capacity 24540K, committed 24832K, reserved 1071104K
  class space    used 2889K, capacity 3024K, committed 3072K, reserved 1048576K
Event: 9.013 GC heap after
Heap after GC invocations=9 (full 1):
 PSYoungGen      total 107008K, used 8688K [0x00000000eae00000, 0x00000000f3f00000, 0x0000000100000000)
  eden space 98304K, 0% used [0x00000000eae00000,0x00000000eae00000,0x00000000f0e00000)
  from space 8704K, 99% used [0x00000000f3680000,0x00000000f3efc320,0x00000000f3f00000)
  to   space 11264K, 0% used [0x00000000f2900000,0x00000000f2900000,0x00000000f3400000)
 ParOldGen       total 42496K, used 16542K [0x00000000c0a00000, 0x00000000c3380000, 0x00000000eae00000)
  object space 42496K, 38% used [0x00000000c0a00000,0x00000000c1a27b58,0x00000000c3380000)
 Metaspace       used 23954K, capacity 24540K, committed 24832K, reserved 1071104K
  class space    used 2889K, capacity 3024K, committed 3072K, reserved 1048576K
}
Event: 10.764 GC heap before
{Heap before GC invocations=10 (full 1):
 PSYoungGen      total 107008K, used 106992K [0x00000000eae00000, 0x00000000f3f00000, 0x0000000100000000)
  eden space 98304K, 100% used [0x00000000eae00000,0x00000000f0e00000,0x00000000f0e00000)
  from space 8704K, 99% used [0x00000000f3680000,0x00000000f3efc320,0x00000000f3f00000)
  to   space 11264K, 0% used [0x00000000f2900000,0x00000000f2900000,0x00000000f3400000)
 ParOldGen       total 42496K, used 16542K [0x00000000c0a00000, 0x00000000c3380000, 0x00000000eae00000)
  object space 42496K, 38% used [0x00000000c0a00000,0x00000000c1a27b58,0x00000000c3380000)
 Metaspace       used 28778K, capacity 29440K, committed 29824K, reserved 1075200K
  class space    used 3423K, capacity 3591K, committed 3712K, reserved 1048576K
Event: 10.805 GC heap after
Heap after GC invocations=10 (full 1):
 PSYoungGen      total 137216K, used 11248K [0x00000000eae00000, 0x00000000f5080000, 0x0000000100000000)
  eden space 125952K, 0% used [0x00000000eae00000,0x00000000eae00000,0x00000000f2900000)
  from space 11264K, 99% used [0x00000000f2900000,0x00000000f33fc330,0x00000000f3400000)
  to   space 18432K, 0% used [0x00000000f3e80000,0x00000000f3e80000,0x00000000f5080000)
 ParOldGen       total 42496K, used 31214K [0x00000000c0a00000, 0x00000000c3380000, 0x00000000eae00000)
  object space 42496K, 73% used [0x00000000c0a00000,0x00000000c287b890,0x00000000c3380000)
 Metaspace       used 28778K, capacity 29440K, committed 29824K, reserved 1075200K
  class space    used 3423K, capacity 3591K, committed 3712K, reserved 1048576K
}
Event: 11.511 GC heap before
{Heap before GC invocations=11 (full 1):
 PSYoungGen      total 137216K, used 137200K [0x00000000eae00000, 0x00000000f5080000, 0x0000000100000000)
  eden space 125952K, 100% used [0x00000000eae00000,0x00000000f2900000,0x00000000f2900000)
  from space 11264K, 99% used [0x00000000f2900000,0x00000000f33fc330,0x00000000f3400000)
  to   space 18432K, 0% used [0x00000000f3e80000,0x00000000f3e80000,0x00000000f5080000)
 ParOldGen       total 42496K, used 31214K [0x00000000c0a00000, 0x00000000c3380000, 0x00000000eae00000)
  object space 42496K, 73% used [0x00000000c0a00000,0x00000000c287b890,0x00000000c3380000)
 Metaspace       used 28818K, capacity 29450K, committed 29824K, reserved 1075200K
  class space    used 3427K, capacity 3593K, committed 3712K, reserved 1048576K
Event: 11.557 GC heap after
Heap after GC invocations=11 (full 1):
 PSYoungGen      total 141312K, used 18410K [0x00000000eae00000, 0x00000000f8a00000, 0x0000000100000000)
  eden space 122880K, 0% used [0x00000000eae00000,0x00000000eae00000,0x00000000f2600000)
  from space 18432K, 99% used [0x00000000f3e80000,0x00000000f507aac8,0x00000000f5080000)
  to   space 25088K, 0% used [0x00000000f2600000,0x00000000f2600000,0x00000000f3e80000)
 ParOldGen       total 42496K, used 41250K [0x00000000c0a00000, 0x00000000c3380000, 0x00000000eae00000)
  object space 42496K, 97% used [0x00000000c0a00000,0x00000000c32489f0,0x00000000c3380000)
 Metaspace       used 28818K, capacity 29450K, committed 29824K, reserved 1075200K
  class space    used 3427K, capacity 3593K, committed 3712K, reserved 1048576K
}
Event: 11.557 GC heap before
{Heap before GC invocations=12 (full 2):
 PSYoungGen      total 141312K, used 18410K [0x00000000eae00000, 0x00000000f8a00000, 0x0000000100000000)
  eden space 122880K, 0% used [0x00000000eae00000,0x00000000eae00000,0x00000000f2600000)
  from space 18432K, 99% used [0x00000000f3e80000,0x00000000f507aac8,0x00000000f5080000)
  to   space 25088K, 0% used [0x00000000f2600000,0x00000000f2600000,0x00000000f3e80000)
 ParOldGen       total 42496K, used 41250K [0x00000000c0a00000, 0x00000000c3380000, 0x00000000eae00000)
  object space 42496K, 97% used [0x00000000c0a00000,0x00000000c32489f0,0x00000000c3380000)
 Metaspace       used 28818K, capacity 29450K, committed 29824K, reserved 1075200K
  class space    used 3427K, capacity 3593K, committed 3712K, reserved 1048576K
Event: 11.758 GC heap after
Heap after GC invocations=12 (full 2):
 PSYoungGen      total 141312K, used 9168K [0x00000000eae00000, 0x00000000f8a00000, 0x0000000100000000)
  eden space 122880K, 0% used [0x00000000eae00000,0x00000000eae00000,0x00000000f2600000)
  from space 18432K, 49% used [0x00000000f3e80000,0x00000000f4774198,0x00000000f5080000)
  to   space 25088K, 0% used [0x00000000f2600000,0x00000000f2600000,0x00000000f3e80000)
 ParOldGen       total 42496K, used 42180K [0x00000000c0a00000, 0x00000000c3380000, 0x00000000eae00000)
  object space 42496K, 99% used [0x00000000c0a00000,0x00000000c3331270,0x00000000c3380000)
 Metaspace       used 28818K, capacity 29450K, committed 29824K, reserved 1075200K
  class space    used 3427K, capacity 3593K, committed 3712K, reserved 1048576K
}

Deoptimization events (10 events):
Event: 10.030 Thread 0x000000001d265000 Uncommon trap: reason=class_check action=maybe_recompile pc=0x0000000003da6910 method=java.util.Hashtable.addEntry(ILjava/lang/Object;Ljava/lang/Object;I)V @ 38
Event: 10.034 Thread 0x000000001d265000 Uncommon trap: reason=unstable_if action=reinterpret pc=0x0000000003ba7808 method=com.sun.org.apache.xerces.internal.util.SymbolTable.addSymbol([CII)Ljava/lang/String; @ 38
Event: 10.046 Thread 0x000000001d265000 Uncommon trap: reason=unstable_if action=reinterpret pc=0x00000000040e8c90 method=com.sun.org.apache.xerces.internal.impl.XMLEntityScanner.scanContent(Lcom/sun/org/apache/xerces/internal/xni/XMLString;)I @ 526
Event: 10.056 Thread 0x000000001d265000 Uncommon trap: reason=unstable_if action=reinterpret pc=0x000000000383aaf8 method=com.sun.org.apache.xerces.internal.impl.XMLEntityScanner.peekChar()I @ 14
Event: 10.232 Thread 0x000000001d265000 Uncommon trap: reason=unstable_if action=reinterpret pc=0x00000000036db5d8 method=org.codehaus.plexus.classworlds.realm.Entry.matches(Ljava/lang/String;)Z @ 209
Event: 10.350 Thread 0x000000001d265000 Uncommon trap: reason=unstable_if action=reinterpret pc=0x0000000003d10734 method=java.io.DataInputStream.readUTF(Ljava/io/DataInput;)Ljava/lang/String; @ 112
Event: 10.923 Thread 0x000000001d265000 Uncommon trap: reason=unstable_if action=reinterpret pc=0x0000000003e7c378 method=java.util.HashMap.removeNode(ILjava/lang/Object;Ljava/lang/Object;ZZ)Ljava/util/HashMap$Node; @ 71
Event: 10.924 Thread 0x000000001d265000 Uncommon trap: reason=unstable_if action=reinterpret pc=0x000000000387a31c method=org.apache.tomcat.util.bcel.classfile.ConstantUtf8$1.removeEldestEntry(Ljava/util/Map$Entry;)Z @ 7
Event: 11.059 Thread 0x000000001d265000 Uncommon trap: reason=unstable_if action=reinterpret pc=0x0000000003e75edc method=java.util.HashMap.removeNode(ILjava/lang/Object;Ljava/lang/Object;ZZ)Ljava/util/HashMap$Node; @ 71
Event: 11.220 Thread 0x000000001d265000 Uncommon trap: reason=unstable_if action=reinterpret pc=0x000000000409fbac method=org.apache.catalina.startup.ContextConfig.getSCIsForClass(Ljava/lang/String;)Ljava/util/Set; @ 62

Classes redefined (0 events):
No events

Internal exceptions (10 events):
Event: 3.559 Thread 0x000000000359d800 Implicit null exception at 0x0000000003c0d86f to 0x0000000003c0dab1
Event: 3.571 Thread 0x000000000359d800 Implicit null exception at 0x000000000398c855 to 0x000000000398ca25
Event: 3.571 Thread 0x000000000359d800 Implicit null exception at 0x00000000038fb62f to 0x00000000038fb699
Event: 3.574 Thread 0x000000000359d800 Implicit null exception at 0x0000000003ba10e3 to 0x0000000003ba18d5
Event: 3.574 Thread 0x000000000359d800 Implicit null exception at 0x00000000039f329b to 0x00000000039f3705
Event: 6.269 Thread 0x000000000359d800 Exception <a 'java/lang/ClassNotFoundException': com/sun/tools/javac/api/JavacTool> (0x00000000ed87e568) thrown at [C:\re\workspace\8-2-build-windows-amd64-cygwin\jdk8u191\11896\hotspot\src\share\vm\classfile\systemDictionary.cpp, line 210]
Event: 7.443 Thread 0x000000000359d800 Exception <a 'java/io/FileNotFoundException'> (0x00000000eb93ca88) thrown at [C:\re\workspace\8-2-build-windows-amd64-cygwin\jdk8u191\11896\hotspot\src\share\vm\prims\jni.cpp, line 709]
Event: 7.446 Thread 0x000000000359d800 Exception <a 'java/io/FileNotFoundException'> (0x00000000eb971030) thrown at [C:\re\workspace\8-2-build-windows-amd64-cygwin\jdk8u191\11896\hotspot\src\share\vm\prims\jni.cpp, line 709]
Event: 8.800 Thread 0x000000000359d800 Exception <a 'java/io/FileNotFoundException'> (0x00000000eeabc918) thrown at [C:\re\workspace\8-2-build-windows-amd64-cygwin\jdk8u191\11896\hotspot\src\share\vm\prims\jni.cpp, line 709]
Event: 9.906 Thread 0x000000001d265000 Implicit null exception at 0x00000000040fb18a to 0x00000000040fbb75

Events (10 events):
Event: 11.762 Executing VM operation: RevokeBias done
Event: 11.762 Executing VM operation: RevokeBias
Event: 11.763 Executing VM operation: RevokeBias done
Event: 11.763 Executing VM operation: RevokeBias
Event: 11.763 Executing VM operation: RevokeBias done
Event: 11.763 Executing VM operation: BulkRevokeBias
Event: 11.763 Executing VM operation: BulkRevokeBias done
Event: 11.765 Executing VM operation: RevokeBias
Event: 11.765 Executing VM operation: RevokeBias done
Event: 11.766 Thread 0x0000000016fdc000 flushing nmethod 0x00000000036c2790


Dynamic libraries:
0x00007ff739090000 - 0x00007ff7390c7000 	D:\Java\jdk1.8.0_191\jre\bin\javaw.exe
0x00007ffec7b80000 - 0x00007ffec7d61000 	C:\Windows\SYSTEM32\ntdll.dll
0x00007ffec63e0000 - 0x00007ffec6492000 	C:\Windows\System32\KERNEL32.DLL
0x00007ffec3f50000 - 0x00007ffec41c3000 	C:\Windows\System32\KERNELBASE.dll
0x00007ffec6250000 - 0x00007ffec62f1000 	C:\Windows\System32\ADVAPI32.dll
0x00007ffec5620000 - 0x00007ffec56be000 	C:\Windows\System32\msvcrt.dll
0x00007ffec6310000 - 0x00007ffec636b000 	C:\Windows\System32\sechost.dll
0x00007ffec64e0000 - 0x00007ffec6604000 	C:\Windows\System32\RPCRT4.dll
0x00007ffec5790000 - 0x00007ffec5920000 	C:\Windows\System32\USER32.dll
0x00007ffec48e0000 - 0x00007ffec4900000 	C:\Windows\System32\win32u.dll
0x00007ffec64b0000 - 0x00007ffec64d8000 	C:\Windows\System32\GDI32.dll
0x00007ffec4900000 - 0x00007ffec4a92000 	C:\Windows\System32\gdi32full.dll
0x00007ffec4d40000 - 0x00007ffec4ddf000 	C:\Windows\System32\msvcp_win.dll
0x00007ffec4e60000 - 0x00007ffec4f5a000 	C:\Windows\System32\ucrtbase.dll
0x00007ffebd1b0000 - 0x00007ffebd419000 	C:\Windows\WinSxS\amd64_microsoft.windows.common-controls_6595b64144ccf1df_6.0.17134.376_none_fb439a3730647da2\COMCTL32.dll
0x00007ffec5170000 - 0x00007ffec5493000 	C:\Windows\System32\combase.dll
0x00007ffec4de0000 - 0x00007ffec4e5a000 	C:\Windows\System32\bcryptPrimitives.dll
0x00007ffec6110000 - 0x00007ffec613d000 	C:\Windows\System32\IMM32.DLL
0x0000000053160000 - 0x0000000053232000 	D:\Java\jdk1.8.0_191\jre\bin\msvcr100.dll
0x0000000051b00000 - 0x00000000523a4000 	D:\Java\jdk1.8.0_191\jre\bin\server\jvm.dll
0x00007ffec6300000 - 0x00007ffec6308000 	C:\Windows\System32\PSAPI.DLL
0x00007ffebcc60000 - 0x00007ffebcc83000 	C:\Windows\SYSTEM32\WINMM.dll
0x00007ffebfbc0000 - 0x00007ffebfbca000 	C:\Windows\SYSTEM32\VERSION.dll
0x00007ffeb9ab0000 - 0x00007ffeb9ab9000 	C:\Windows\SYSTEM32\WSOCK32.dll
0x00007ffec6140000 - 0x00007ffec61ac000 	C:\Windows\System32\WS2_32.dll
0x00007ffeb9ef0000 - 0x00007ffeb9f1a000 	C:\Windows\SYSTEM32\WINMMBASE.dll
0x00007ffec4aa0000 - 0x00007ffec4ae9000 	C:\Windows\System32\cfgmgr32.dll
0x0000000053150000 - 0x000000005315f000 	D:\Java\jdk1.8.0_191\jre\bin\verify.dll
0x0000000053120000 - 0x0000000053149000 	D:\Java\jdk1.8.0_191\jre\bin\java.dll
0x0000000053100000 - 0x0000000053116000 	D:\Java\jdk1.8.0_191\jre\bin\zip.dll
0x00007ffec6710000 - 0x00007ffec7b4f000 	C:\Windows\System32\SHELL32.dll
0x00007ffec5920000 - 0x00007ffec59c9000 	C:\Windows\System32\shcore.dll
0x00007ffec41d0000 - 0x00007ffec48dd000 	C:\Windows\System32\windows.storage.dll
0x00007ffec60b0000 - 0x00007ffec6101000 	C:\Windows\System32\shlwapi.dll
0x00007ffec3e90000 - 0x00007ffec3ea1000 	C:\Windows\System32\kernel.appcore.dll
0x00007ffec3f00000 - 0x00007ffec3f1f000 	C:\Windows\System32\profapi.dll
0x00007ffec3eb0000 - 0x00007ffec3efc000 	C:\Windows\System32\powrprof.dll
0x00007ffec3f40000 - 0x00007ffec3f4a000 	C:\Windows\System32\FLTLIB.DLL
0x00007ffec38a0000 - 0x00007ffec38b7000 	C:\Windows\SYSTEM32\CRYPTSP.dll
0x00007ffec3270000 - 0x00007ffec32a3000 	C:\Windows\system32\rsaenh.dll
0x00007ffec39d0000 - 0x00007ffec39f5000 	C:\Windows\SYSTEM32\bcrypt.dll
0x00007ffec3dc0000 - 0x00007ffec3de8000 	C:\Windows\SYSTEM32\USERENV.dll
0x00007ffec38c0000 - 0x00007ffec38cb000 	C:\Windows\SYSTEM32\CRYPTBASE.dll
0x00000000530e0000 - 0x00000000530fa000 	D:\Java\jdk1.8.0_191\jre\bin\net.dll
0x00007ffec36f0000 - 0x00007ffec3756000 	C:\Windows\system32\mswsock.dll
0x00007ffec3470000 - 0x00007ffec34a8000 	C:\Windows\SYSTEM32\IPHLPAPI.DLL
0x00007ffec63d0000 - 0x00007ffec63d8000 	C:\Windows\System32\NSI.dll
0x00007ffebebd0000 - 0x00007ffebebe6000 	C:\Windows\SYSTEM32\dhcpcsvc6.DLL
0x00007ffebebb0000 - 0x00007ffebebca000 	C:\Windows\SYSTEM32\dhcpcsvc.DLL
0x00000000530c0000 - 0x00000000530d1000 	D:\Java\jdk1.8.0_191\jre\bin\nio.dll
0x00007ffeb9fa0000 - 0x00007ffeb9faa000 	C:\Users\Ruimeng Jin\AppData\Local\Temp\jansi-1.17.1-4207972627900896182.dll
0x00007ffeb9f90000 - 0x00007ffeb9f9a000 	C:\Users\Ruimeng Jin\AppData\Local\Temp\jansi-1.17.1-1552815963816341482.dll
0x00000000530b0000 - 0x00000000530bd000 	D:\Java\jdk1.8.0_191\jre\bin\management.dll

VM Arguments:
jvm_args: -Dmaven.home=E:\workspace\apache-maven-3.5.4 -Dclassworlds.conf=E:\workspace\Java\.metadata\.plugins\org.eclipse.m2e.launching\launches\m2conf12077695429766222057.tmp -Dmaven.multiModuleProjectDirectory=E:\workspace\Java\e3-portal-web -Dfile.encoding=UTF-8 
java_command: org.codehaus.plexus.classworlds.launcher.Launcher -B -s E:\workspace\apache-maven-3.5.4\conf\settings.xml clean tomcat7:run
java_class_path (initial): E:\workspace\apache-maven-3.5.4\boot\plexus-classworlds-2.5.2.jar
Launcher Type: SUN_STANDARD

Environment Variables:
JAVA_HOME=D:\Java\jdk-10.0.2
CLASSPATH=.;D:\Java\jdk-10.0.2\lib;D:\Java\jdk-10.0.2\lib\tools.jar
PATH=D:/Java/jdk-10.0.2/bin/server;D:/Java/jdk-10.0.2/bin;C:\Program Files (x86)\Common Files\Oracle\Java\javapath;C:\Windows\system32;C:\Windows;C:\Windows\System32\Wbem;C:\Windows\System32\WindowsPowerShell\v1.0\;C:\Windows\System32\OpenSSH\;C:\Program Files (x86)\NVIDIA Corporation\PhysX\Common;D:\Java\jdk-10.0.2\bin;D:\Java\jdk-10.0.2\jre\bin;D:\Subversion\bin;D:\SVN\Subversion\bin;D:\SVN\TortoiseSVN\bin;D:\Git\cmd;C:\Users\Ruimeng Jin\AppData\Local\Microsoft\WindowsApps;E:\Users\Ruimeng Jin\workspace\apache-maven-3.5.4\bin;;D:\eclipse;
USERNAME=Ruimeng Jin
OS=Windows_NT
PROCESSOR_IDENTIFIER=Intel64 Family 6 Model 42 Stepping 7, GenuineIntel



---------------  S Y S T E M  ---------------

OS: Windows 10.0 , 64 bit Build 17134 (10.0.17134.1)

CPU:total 4 (initial active 4) (2 cores per cpu, 2 threads per core) family 6 model 42 stepping 7, cmov, cx8, fxsr, mmx, sse, sse2, sse3, ssse3, sse4.1, sse4.2, popcnt, avx, clmul, ht, tsc, tscinvbit

Memory: 4k page, physical 4149248k(424940k free), swap 16732160k(1184k free)

vm_info: Java HotSpot(TM) 64-Bit Server VM (25.191-b12) for windows-amd64 JRE (1.8.0_191-b12), built on Oct  6 2018 09:29:03 by "java_re" with MS VC++ 10.0 (VS2010)

time: Sun Nov 18 20:23:12 2018
elapsed time: 13 seconds (0d 0h 0m 13s)

