#
# There is insufficient memory for the Java Runtime Environment to continue.
# Native memory allocation (malloc) failed to allocate 118576 bytes for Chunk::new
# Possible reasons:
#   The system is out of physical RAM or swap space
#   In 32 bit mode, the process size limit was hit
# Possible solutions:
#   Reduce memory load on the system
#   Increase physical memory or swap space
#   Check if swap backing store is full
#   Use 64 bit Java on a 64 bit OS
#   Decrease Java heap size (-Xmx/-Xms)
#   Decrease number of Java threads
#   Decrease Java thread stack sizes (-Xss)
#   Set larger code cache with -XX:ReservedCodeCacheSize=
# This output file may be truncated or incomplete.
#
#  Out of Memory Error (allocation.cpp:390), pid=4288, tid=0x0000000000005d08
#
# JRE version: Java(TM) SE Runtime Environment (8.0_191-b12) (build 1.8.0_191-b12)
# Java VM: Java HotSpot(TM) 64-Bit Server VM (25.191-b12 mixed mode windows-amd64 compressed oops)
# Failed to write core dump. Minidumps are not enabled by default on client versions of Windows
#

---------------  T H R E A D  ---------------

Current thread (0x0000000016eea000):  JavaThread "C2 CompilerThread1" daemon [_thread_in_native, id=23816, stack(0x00000000175e0000,0x00000000176e0000)]

Stack: [0x00000000175e0000,0x00000000176e0000]
[error occurred during error reporting (printing stack bounds), id 0xc0000005]

Native frames: (J=compiled Java code, j=interpreted, Vv=VM code, C=native code)


Current CompileTask:
C2:   8882 4437   !   4       java.net.URL::<init> (543 bytes)


---------------  P R O C E S S  ---------------

Java Threads: ( => current thread )
  0x0000000018608000 JavaThread "localhost-startStop-1" daemon [_thread_in_Java, id=15608, stack(0x000000001ed30000,0x000000001ee30000)]
  0x000000001855c000 JavaThread "Tomcat-startStop-1" daemon [_thread_blocked, id=27320, stack(0x000000001ec30000,0x000000001ed30000)]
  0x0000000016f5c000 JavaThread "Service Thread" daemon [_thread_blocked, id=11772, stack(0x00000000177e0000,0x00000000178e0000)]
  0x0000000016f12000 JavaThread "C1 CompilerThread2" daemon [_thread_blocked, id=26244, stack(0x00000000176e0000,0x00000000177e0000)]
=>0x0000000016eea000 JavaThread "C2 CompilerThread1" daemon [_thread_in_native, id=23816, stack(0x00000000175e0000,0x00000000176e0000)]
  0x0000000015bda800 JavaThread "C2 CompilerThread0" daemon [_thread_in_native, id=13036, stack(0x00000000174e0000,0x00000000175e0000)]
  0x0000000015b79000 JavaThread "Attach Listener" daemon [_thread_blocked, id=3552, stack(0x00000000173e0000,0x00000000174e0000)]
  0x0000000016ee8800 JavaThread "Signal Dispatcher" daemon [_thread_blocked, id=6652, stack(0x00000000172e0000,0x00000000173e0000)]
  0x000000000350a800 JavaThread "Finalizer" daemon [_thread_blocked, id=17396, stack(0x0000000016de0000,0x0000000016ee0000)]
  0x0000000003502000 JavaThread "Reference Handler" daemon [_thread_blocked, id=13512, stack(0x0000000016ce0000,0x0000000016de0000)]
  0x0000000002f5d800 JavaThread "main" [_thread_blocked, id=12564, stack(0x0000000003310000,0x0000000003410000)]

Other Threads:
  0x0000000015b46000 VMThread [stack: 0x0000000016be0000,0x0000000016ce0000] [id=11212]
  0x0000000016f8c800 WatcherThread [stack: 0x00000000178e0000,0x00000000179e0000] [id=14812]

VM state:not at safepoint (normal execution)

VM Mutex/Monitor currently owned by a thread: None

Heap:
 PSYoungGen      total 144896K, used 25371K [0x00000000eae00000, 0x00000000f5100000, 0x0000000100000000)
  eden space 125952K, 12% used [0x00000000eae00000,0x00000000ebd28388,0x00000000f2900000)
  from space 18944K, 51% used [0x00000000f3e80000,0x00000000f481ea58,0x00000000f5100000)
  to   space 11264K, 0% used [0x00000000f2900000,0x00000000f2900000,0x00000000f3400000)
 ParOldGen       total 41472K, used 41300K [0x00000000c0a00000, 0x00000000c3280000, 0x00000000eae00000)
  object space 41472K, 99% used [0x00000000c0a00000,0x00000000c3255288,0x00000000c3280000)
 Metaspace       used 28810K, capacity 29440K, committed 29824K, reserved 1075200K
  class space    used 3426K, capacity 3591K, committed 3712K, reserved 1048576K

Card table byte_map: [0x00000000128d0000,0x0000000012ad0000] byte_map_base: 0x00000000122cb000

Marking Bits: (ParMarkBitMap*) 0x0000000052323e30
 Begin Bits: [0x0000000013030000, 0x0000000014008000)
 End Bits:   [0x0000000014008000, 0x0000000014fe0000)

Polling page: 0x0000000001130000

CodeCache: size=245760Kb used=12528Kb max_used=12690Kb free=233231Kb
 bounds [0x0000000003510000, 0x00000000041d0000, 0x0000000012510000]
 total_blobs=4243 nmethods=3807 adapters=348
 compilation: enabled

Compilation events (10 events):
Event: 8.437 Thread 0x0000000016eea000 nmethod 4427 0x0000000003896d50 code [0x0000000003897100, 0x000000000389b3c8]
Event: 8.438 Thread 0x0000000016eea000 4429 %     4       java.lang.String::toUpperCase @ 157 (439 bytes)
Event: 8.459 Thread 0x0000000016eea000 nmethod 4429% 0x00000000039b5a90 code [0x00000000039b5c40, 0x00000000039b6778]
Event: 8.459 Thread 0x0000000016eea000 4436       4       org.apache.tomcat.util.bcel.classfile.ClassParser::readFields (51 bytes)
Event: 8.806 Thread 0x0000000016eea000 nmethod 4436 0x0000000003896010 code [0x00000000038961c0, 0x0000000003896790]
Event: 8.806 Thread 0x0000000016eea000 4437   !   4       java.net.URL::<init> (543 bytes)
Event: 8.816 Thread 0x0000000016f12000 4446       3       sun.net.www.protocol.jar.URLJarFile::finalize (5 bytes)
Event: 8.817 Thread 0x0000000016f12000 nmethod 4446 0x0000000003ad8050 code [0x0000000003ad81e0, 0x0000000003ad8478]
Event: 8.878 Thread 0x0000000016f12000 4448       3       org.apache.catalina.startup.ContextConfig::getSCIsForClass (82 bytes)
Event: 8.879 Thread 0x0000000016f12000 nmethod 4448 0x00000000039b6f50 code [0x00000000039b71a0, 0x00000000039b8008]

GC Heap History (10 events):
Event: 5.087 GC heap before
{Heap before GC invocations=8 (full 1):
 PSYoungGen      total 72704K, used 7146K [0x00000000eae00000, 0x00000000f3f00000, 0x0000000100000000)
  eden space 65536K, 0% used [0x00000000eae00000,0x00000000eae00000,0x00000000eee00000)
  from space 7168K, 99% used [0x00000000eee00000,0x00000000ef4fabb0,0x00000000ef500000)
  to   space 8704K, 0% used [0x00000000f3680000,0x00000000f3680000,0x00000000f3f00000)
 ParOldGen       total 44032K, used 12838K [0x00000000c0a00000, 0x00000000c3500000, 0x00000000eae00000)
  object space 44032K, 29% used [0x00000000c0a00000,0x00000000c1689b18,0x00000000c3500000)
 Metaspace       used 20633K, capacity 21126K, committed 21296K, reserved 1069056K
  class space    used 2494K, capacity 2653K, committed 2688K, reserved 1048576K
Event: 5.170 GC heap after
Heap after GC invocations=8 (full 1):
 PSYoungGen      total 72704K, used 0K [0x00000000eae00000, 0x00000000f3f00000, 0x0000000100000000)
  eden space 65536K, 0% used [0x00000000eae00000,0x00000000eae00000,0x00000000eee00000)
  from space 7168K, 0% used [0x00000000eee00000,0x00000000eee00000,0x00000000ef500000)
  to   space 8704K, 0% used [0x00000000f3680000,0x00000000f3680000,0x00000000f3f00000)
 ParOldGen       total 41472K, used 11488K [0x00000000c0a00000, 0x00000000c3280000, 0x00000000eae00000)
  object space 41472K, 27% used [0x00000000c0a00000,0x00000000c1538178,0x00000000c3280000)
 Metaspace       used 20633K, capacity 21126K, committed 21296K, reserved 1069056K
  class space    used 2494K, capacity 2653K, committed 2688K, reserved 1048576K
}
Event: 6.539 GC heap before
{Heap before GC invocations=9 (full 1):
 PSYoungGen      total 72704K, used 65536K [0x00000000eae00000, 0x00000000f3f00000, 0x0000000100000000)
  eden space 65536K, 100% used [0x00000000eae00000,0x00000000eee00000,0x00000000eee00000)
  from space 7168K, 0% used [0x00000000eee00000,0x00000000eee00000,0x00000000ef500000)
  to   space 8704K, 0% used [0x00000000f3680000,0x00000000f3680000,0x00000000f3f00000)
 ParOldGen       total 41472K, used 11488K [0x00000000c0a00000, 0x00000000c3280000, 0x00000000eae00000)
  object space 41472K, 27% used [0x00000000c0a00000,0x00000000c1538178,0x00000000c3280000)
 Metaspace       used 23892K, capacity 24476K, committed 24576K, reserved 1071104K
  class space    used 2883K, capacity 3024K, committed 3072K, reserved 1048576K
Event: 6.562 GC heap after
Heap after GC invocations=9 (full 1):
 PSYoungGen      total 107008K, used 8676K [0x00000000eae00000, 0x00000000f3f00000, 0x0000000100000000)
  eden space 98304K, 0% used [0x00000000eae00000,0x00000000eae00000,0x00000000f0e00000)
  from space 8704K, 99% used [0x00000000f3680000,0x00000000f3ef9330,0x00000000f3f00000)
  to   space 11264K, 0% used [0x00000000f2900000,0x00000000f2900000,0x00000000f3400000)
 ParOldGen       total 41472K, used 14815K [0x00000000c0a00000, 0x00000000c3280000, 0x00000000eae00000)
  object space 41472K, 35% used [0x00000000c0a00000,0x00000000c1877d08,0x00000000c3280000)
 Metaspace       used 23892K, capacity 24476K, committed 24576K, reserved 1071104K
  class space    used 2883K, capacity 3024K, committed 3072K, reserved 1048576K
}
Event: 7.847 GC heap before
{Heap before GC invocations=10 (full 1):
 PSYoungGen      total 107008K, used 106980K [0x00000000eae00000, 0x00000000f3f00000, 0x0000000100000000)
  eden space 98304K, 100% used [0x00000000eae00000,0x00000000f0e00000,0x00000000f0e00000)
  from space 8704K, 99% used [0x00000000f3680000,0x00000000f3ef9330,0x00000000f3f00000)
  to   space 11264K, 0% used [0x00000000f2900000,0x00000000f2900000,0x00000000f3400000)
 ParOldGen       total 41472K, used 14815K [0x00000000c0a00000, 0x00000000c3280000, 0x00000000eae00000)
  object space 41472K, 35% used [0x00000000c0a00000,0x00000000c1877d08,0x00000000c3280000)
 Metaspace       used 28771K, capacity 29440K, committed 29824K, reserved 1075200K
  class space    used 3424K, capacity 3591K, committed 3712K, reserved 1048576K
Event: 7.875 GC heap after
Heap after GC invocations=10 (full 1):
 PSYoungGen      total 137216K, used 11256K [0x00000000eae00000, 0x00000000f5100000, 0x0000000100000000)
  eden space 125952K, 0% used [0x00000000eae00000,0x00000000eae00000,0x00000000f2900000)
  from space 11264K, 99% used [0x00000000f2900000,0x00000000f33fe220,0x00000000f3400000)
  to   space 18944K, 0% used [0x00000000f3e80000,0x00000000f3e80000,0x00000000f5100000)
 ParOldGen       total 41472K, used 29743K [0x00000000c0a00000, 0x00000000c3280000, 0x00000000eae00000)
  object space 41472K, 71% used [0x00000000c0a00000,0x00000000c270bd90,0x00000000c3280000)
 Metaspace       used 28771K, capacity 29440K, committed 29824K, reserved 1075200K
  class space    used 3424K, capacity 3591K, committed 3712K, reserved 1048576K
}
Event: 8.467 GC heap before
{Heap before GC invocations=11 (full 1):
 PSYoungGen      total 137216K, used 137208K [0x00000000eae00000, 0x00000000f5100000, 0x0000000100000000)
  eden space 125952K, 100% used [0x00000000eae00000,0x00000000f2900000,0x00000000f2900000)
  from space 11264K, 99% used [0x00000000f2900000,0x00000000f33fe220,0x00000000f3400000)
  to   space 18944K, 0% used [0x00000000f3e80000,0x00000000f3e80000,0x00000000f5100000)
 ParOldGen       total 41472K, used 29743K [0x00000000c0a00000, 0x00000000c3280000, 0x00000000eae00000)
  object space 41472K, 71% used [0x00000000c0a00000,0x00000000c270bd90,0x00000000c3280000)
 Metaspace       used 28794K, capacity 29440K, committed 29824K, reserved 1075200K
  class space    used 3424K, capacity 3591K, committed 3712K, reserved 1048576K
Event: 8.521 GC heap after
Heap after GC invocations=11 (full 1):
 PSYoungGen      total 144896K, used 18923K [0x00000000eae00000, 0x00000000f5100000, 0x0000000100000000)
  eden space 125952K, 0% used [0x00000000eae00000,0x00000000eae00000,0x00000000f2900000)
  from space 18944K, 99% used [0x00000000f3e80000,0x00000000f50faf40,0x00000000f5100000)
  to   space 11264K, 0% used [0x00000000f2900000,0x00000000f2900000,0x00000000f3400000)
 ParOldGen       total 41472K, used 39594K [0x00000000c0a00000, 0x00000000c3280000, 0x00000000eae00000)
  object space 41472K, 95% used [0x00000000c0a00000,0x00000000c30aa860,0x00000000c3280000)
 Metaspace       used 28794K, capacity 29440K, committed 29824K, reserved 1075200K
  class space    used 3424K, capacity 3591K, committed 3712K, reserved 1048576K
}
Event: 8.521 GC heap before
{Heap before GC invocations=12 (full 2):
 PSYoungGen      total 144896K, used 18923K [0x00000000eae00000, 0x00000000f5100000, 0x0000000100000000)
  eden space 125952K, 0% used [0x00000000eae00000,0x00000000eae00000,0x00000000f2900000)
  from space 18944K, 99% used [0x00000000f3e80000,0x00000000f50faf40,0x00000000f5100000)
  to   space 11264K, 0% used [0x00000000f2900000,0x00000000f2900000,0x00000000f3400000)
 ParOldGen       total 41472K, used 39594K [0x00000000c0a00000, 0x00000000c3280000, 0x00000000eae00000)
  object space 41472K, 95% used [0x00000000c0a00000,0x00000000c30aa860,0x00000000c3280000)
 Metaspace       used 28794K, capacity 29440K, committed 29824K, reserved 1075200K
  class space    used 3424K, capacity 3591K, committed 3712K, reserved 1048576K
Event: 8.805 GC heap after
Heap after GC invocations=12 (full 2):
 PSYoungGen      total 144896K, used 9850K [0x00000000eae00000, 0x00000000f5100000, 0x0000000100000000)
  eden space 125952K, 0% used [0x00000000eae00000,0x00000000eae00000,0x00000000f2900000)
  from space 18944K, 51% used [0x00000000f3e80000,0x00000000f481ea58,0x00000000f5100000)
  to   space 11264K, 0% used [0x00000000f2900000,0x00000000f2900000,0x00000000f3400000)
 ParOldGen       total 41472K, used 41300K [0x00000000c0a00000, 0x00000000c3280000, 0x00000000eae00000)
  object space 41472K, 99% used [0x00000000c0a00000,0x00000000c3255288,0x00000000c3280000)
 Metaspace       used 28794K, capacity 29440K, committed 29824K, reserved 1075200K
  class space    used 3424K, capacity 3591K, committed 3712K, reserved 1048576K
}

Deoptimization events (10 events):
Event: 7.719 Thread 0x0000000018608000 Uncommon trap: reason=unstable_if action=reinterpret pc=0x0000000003837668 method=java.util.LinkedHashMap.afterNodeAccess(Ljava/util/HashMap$Node;)V @ 14
Event: 7.732 Thread 0x0000000018608000 Uncommon trap: reason=unstable_if action=reinterpret pc=0x00000000037d3918 method=org.apache.tomcat.util.bcel.classfile.Attribute.readAttribute(Ljava/io/DataInputStream;Lorg/apache/tomcat/util/bcel/classfile/ConstantPool;)Lorg/apache/tomcat/util/bcel/clas
Event: 7.740 Thread 0x0000000018608000 Uncommon trap: reason=unstable_if action=reinterpret pc=0x000000000395e914 method=org.apache.tomcat.util.bcel.classfile.ConstantUtf8$1.removeEldestEntry(Ljava/util/Map$Entry;)Z @ 7
Event: 7.777 Thread 0x0000000018608000 Uncommon trap: reason=unstable_if action=reinterpret pc=0x0000000003c706e8 method=java.util.HashMap.removeNode(ILjava/lang/Object;Ljava/lang/Object;ZZ)Ljava/util/HashMap$Node; @ 71
Event: 7.806 Thread 0x0000000018608000 Uncommon trap: reason=unstable_if action=reinterpret pc=0x00000000036ca640 method=java.util.HashMap.removeNode(ILjava/lang/Object;Ljava/lang/Object;ZZ)Ljava/util/HashMap$Node; @ 71
Event: 7.910 Thread 0x0000000018608000 Uncommon trap: reason=unstable_if action=reinterpret pc=0x00000000036bb148 method=java.io.DataInputStream.readUTF(Ljava/io/DataInput;)Ljava/lang/String; @ 112
Event: 7.923 Thread 0x0000000018608000 Uncommon trap: reason=unloaded action=reinterpret pc=0x0000000003ac1ad4 method=org.apache.tomcat.util.bcel.classfile.Attribute.readAttribute(Ljava/io/DataInputStream;Lorg/apache/tomcat/util/bcel/classfile/ConstantPool;)Lorg/apache/tomcat/util/bcel/classfi
Event: 8.256 Thread 0x0000000018608000 Uncommon trap: reason=unstable_if action=reinterpret pc=0x0000000003648ef8 method=org.codehaus.plexus.classworlds.realm.Entry.matches(Ljava/lang/String;)Z @ 209
Event: 8.865 Thread 0x0000000018608000 Uncommon trap: reason=unstable_if action=reinterpret pc=0x00000000039bcbec method=org.apache.catalina.startup.ContextConfig.getSCIsForClass(Ljava/lang/String;)Ljava/util/Set; @ 62
Event: 8.865 Thread 0x0000000018608000 Uncommon trap: reason=unstable_if action=reinterpret pc=0x0000000003e2b450 method=java.util.LinkedHashMap.afterNodeAccess(Ljava/util/HashMap$Node;)V @ 14

Classes redefined (0 events):
No events

Internal exceptions (10 events):
Event: 2.562 Thread 0x0000000002f5d800 Implicit null exception at 0x00000000037a0a56 to 0x00000000037a0de5
Event: 2.562 Thread 0x0000000002f5d800 Implicit null exception at 0x0000000003739056 to 0x00000000037393e1
Event: 2.988 Thread 0x0000000002f5d800 Implicit null exception at 0x00000000038ee1d5 to 0x00000000038ee3a5
Event: 2.997 Thread 0x0000000002f5d800 Implicit null exception at 0x000000000395e95b to 0x000000000395ede5
Event: 3.591 Thread 0x0000000002f5d800 Implicit null exception at 0x0000000003c715de to 0x0000000003c727e9
Event: 4.799 Thread 0x0000000002f5d800 Exception <a 'java/lang/ClassNotFoundException': com/sun/tools/javac/api/JavacTool> (0x00000000ed920808) thrown at [C:\re\workspace\8-2-build-windows-amd64-cygwin\jdk8u191\11896\hotspot\src\share\vm\classfile\systemDictionary.cpp, line 210]
Event: 5.494 Thread 0x0000000002f5d800 Exception <a 'java/io/FileNotFoundException'> (0x00000000eb93f900) thrown at [C:\re\workspace\8-2-build-windows-amd64-cygwin\jdk8u191\11896\hotspot\src\share\vm\prims\jni.cpp, line 709]
Event: 5.498 Thread 0x0000000002f5d800 Exception <a 'java/io/FileNotFoundException'> (0x00000000eb973ea8) thrown at [C:\re\workspace\8-2-build-windows-amd64-cygwin\jdk8u191\11896\hotspot\src\share\vm\prims\jni.cpp, line 709]
Event: 6.467 Thread 0x0000000002f5d800 Exception <a 'java/io/FileNotFoundException'> (0x00000000eeb5f230) thrown at [C:\re\workspace\8-2-build-windows-amd64-cygwin\jdk8u191\11896\hotspot\src\share\vm\prims\jni.cpp, line 709]
Event: 7.170 Thread 0x0000000018608000 Implicit null exception at 0x00000000040471ca to 0x0000000004047bb9

Events (10 events):
Event: 8.867 loading class org/apache/tomcat/websocket/pojo/PojoEndpointClient done
Event: 8.867 loading class org/apache/tomcat/websocket/pojo/PojoEndpointClient
Event: 8.867 loading class org/apache/tomcat/websocket/pojo/PojoEndpointClient done
Event: 8.867 loading class org/apache/tomcat/websocket/pojo/PojoEndpointServer
Event: 8.867 loading class org/apache/tomcat/websocket/pojo/PojoEndpointServer done
Event: 8.867 loading class org/apache/tomcat/websocket/pojo/PojoEndpointServer
Event: 8.867 loading class org/apache/tomcat/websocket/pojo/PojoEndpointServer done
Event: 8.867 loading class org/apache/tomcat/websocket/pojo/PojoEndpointServer
Event: 8.867 loading class org/apache/tomcat/websocket/pojo/PojoEndpointServer done
Event: 8.879 Thread 0x0000000016f12000 flushing nmethod 0x00000000037239d0


Dynamic libraries:
0x00007ff739090000 - 0x00007ff7390c7000 	D:\Java\jdk1.8.0_191\jre\bin\javaw.exe
0x00007ffec7b80000 - 0x00007ffec7d61000 	C:\Windows\SYSTEM32\ntdll.dll
0x00007ffec63e0000 - 0x00007ffec6492000 	C:\Windows\System32\KERNEL32.DLL
0x00007ffec3f50000 - 0x00007ffec41c3000 	C:\Windows\System32\KERNELBASE.dll
0x00007ffec6250000 - 0x00007ffec62f1000 	C:\Windows\System32\ADVAPI32.dll
0x00007ffec5620000 - 0x00007ffec56be000 	C:\Windows\System32\msvcrt.dll
0x00007ffec6310000 - 0x00007ffec636b000 	C:\Windows\System32\sechost.dll
0x00007ffec64e0000 - 0x00007ffec6604000 	C:\Windows\System32\RPCRT4.dll
0x00007ffec5790000 - 0x00007ffec5920000 	C:\Windows\System32\USER32.dll
0x00007ffec48e0000 - 0x00007ffec4900000 	C:\Windows\System32\win32u.dll
0x00007ffec64b0000 - 0x00007ffec64d8000 	C:\Windows\System32\GDI32.dll
0x00007ffec4900000 - 0x00007ffec4a92000 	C:\Windows\System32\gdi32full.dll
0x00007ffec4d40000 - 0x00007ffec4ddf000 	C:\Windows\System32\msvcp_win.dll
0x00007ffec4e60000 - 0x00007ffec4f5a000 	C:\Windows\System32\ucrtbase.dll
0x00007ffebd1b0000 - 0x00007ffebd419000 	C:\Windows\WinSxS\amd64_microsoft.windows.common-controls_6595b64144ccf1df_6.0.17134.376_none_fb439a3730647da2\COMCTL32.dll
0x00007ffec5170000 - 0x00007ffec5493000 	C:\Windows\System32\combase.dll
0x00007ffec4de0000 - 0x00007ffec4e5a000 	C:\Windows\System32\bcryptPrimitives.dll
0x00007ffec6110000 - 0x00007ffec613d000 	C:\Windows\System32\IMM32.DLL
0x0000000053160000 - 0x0000000053232000 	D:\Java\jdk1.8.0_191\jre\bin\msvcr100.dll
0x0000000051b00000 - 0x00000000523a4000 	D:\Java\jdk1.8.0_191\jre\bin\server\jvm.dll
0x00007ffec6300000 - 0x00007ffec6308000 	C:\Windows\System32\PSAPI.DLL
0x00007ffebfbc0000 - 0x00007ffebfbca000 	C:\Windows\SYSTEM32\VERSION.dll
0x00007ffeb9ab0000 - 0x00007ffeb9ab9000 	C:\Windows\SYSTEM32\WSOCK32.dll
0x00007ffec6140000 - 0x00007ffec61ac000 	C:\Windows\System32\WS2_32.dll
0x00007ffebcc60000 - 0x00007ffebcc83000 	C:\Windows\SYSTEM32\WINMM.dll
0x00007ffeb9ef0000 - 0x00007ffeb9f1a000 	C:\Windows\SYSTEM32\winmmbase.dll
0x00007ffec4aa0000 - 0x00007ffec4ae9000 	C:\Windows\System32\cfgmgr32.dll
0x0000000053150000 - 0x000000005315f000 	D:\Java\jdk1.8.0_191\jre\bin\verify.dll
0x0000000053120000 - 0x0000000053149000 	D:\Java\jdk1.8.0_191\jre\bin\java.dll
0x0000000053100000 - 0x0000000053116000 	D:\Java\jdk1.8.0_191\jre\bin\zip.dll
0x00007ffec6710000 - 0x00007ffec7b4f000 	C:\Windows\System32\SHELL32.dll
0x00007ffec5920000 - 0x00007ffec59c9000 	C:\Windows\System32\shcore.dll
0x00007ffec41d0000 - 0x00007ffec48dd000 	C:\Windows\System32\windows.storage.dll
0x00007ffec60b0000 - 0x00007ffec6101000 	C:\Windows\System32\shlwapi.dll
0x00007ffec3e90000 - 0x00007ffec3ea1000 	C:\Windows\System32\kernel.appcore.dll
0x00007ffec3f00000 - 0x00007ffec3f1f000 	C:\Windows\System32\profapi.dll
0x00007ffec3eb0000 - 0x00007ffec3efc000 	C:\Windows\System32\powrprof.dll
0x00007ffec3f40000 - 0x00007ffec3f4a000 	C:\Windows\System32\FLTLIB.DLL
0x00007ffec38a0000 - 0x00007ffec38b7000 	C:\Windows\SYSTEM32\CRYPTSP.dll
0x00007ffec3270000 - 0x00007ffec32a3000 	C:\Windows\system32\rsaenh.dll
0x00007ffec39d0000 - 0x00007ffec39f5000 	C:\Windows\SYSTEM32\bcrypt.dll
0x00007ffec3dc0000 - 0x00007ffec3de8000 	C:\Windows\SYSTEM32\USERENV.dll
0x00007ffec38c0000 - 0x00007ffec38cb000 	C:\Windows\SYSTEM32\CRYPTBASE.dll
0x00000000530e0000 - 0x00000000530fa000 	D:\Java\jdk1.8.0_191\jre\bin\net.dll
0x00007ffec36f0000 - 0x00007ffec3756000 	C:\Windows\system32\mswsock.dll
0x00007ffec3470000 - 0x00007ffec34a8000 	C:\Windows\SYSTEM32\IPHLPAPI.DLL
0x00007ffec63d0000 - 0x00007ffec63d8000 	C:\Windows\System32\NSI.dll
0x00007ffebebd0000 - 0x00007ffebebe6000 	C:\Windows\SYSTEM32\dhcpcsvc6.DLL
0x00007ffebebb0000 - 0x00007ffebebca000 	C:\Windows\SYSTEM32\dhcpcsvc.DLL
0x00000000530c0000 - 0x00000000530d1000 	D:\Java\jdk1.8.0_191\jre\bin\nio.dll
0x00007ffeb7a70000 - 0x00007ffeb7a7a000 	C:\Users\Ruimeng Jin\AppData\Local\Temp\jansi-1.17.1-6407040996032090238.dll
0x00007ffeb7a60000 - 0x00007ffeb7a6a000 	C:\Users\Ruimeng Jin\AppData\Local\Temp\jansi-1.17.1-8677153039679529434.dll
0x00000000530b0000 - 0x00000000530bd000 	D:\Java\jdk1.8.0_191\jre\bin\management.dll

VM Arguments:
jvm_args: -Dmaven.home=E:\workspace\apache-maven-3.5.4 -Dclassworlds.conf=E:\workspace\Java\.metadata\.plugins\org.eclipse.m2e.launching\launches\m2conf9579699388253175916.tmp -Dmaven.multiModuleProjectDirectory=E:\workspace\Java\e3-portal-web -Dfile.encoding=UTF-8 
java_command: org.codehaus.plexus.classworlds.launcher.Launcher -B -s E:\workspace\apache-maven-3.5.4\conf\settings.xml clean tomcat7:run
java_class_path (initial): E:\workspace\apache-maven-3.5.4\boot\plexus-classworlds-2.5.2.jar
Launcher Type: SUN_STANDARD

Environment Variables:
JAVA_HOME=D:\Java\jdk-10.0.2
CLASSPATH=.;D:\Java\jdk-10.0.2\lib;D:\Java\jdk-10.0.2\lib\tools.jar
PATH=D:/Java/jdk-10.0.2/bin/server;D:/Java/jdk-10.0.2/bin;C:\Program Files (x86)\Common Files\Oracle\Java\javapath;C:\Windows\system32;C:\Windows;C:\Windows\System32\Wbem;C:\Windows\System32\WindowsPowerShell\v1.0\;C:\Windows\System32\OpenSSH\;C:\Program Files (x86)\NVIDIA Corporation\PhysX\Common;D:\Java\jdk-10.0.2\bin;D:\Java\jdk-10.0.2\jre\bin;D:\Subversion\bin;D:\SVN\Subversion\bin;D:\SVN\TortoiseSVN\bin;D:\Git\cmd;C:\Users\Ruimeng Jin\AppData\Local\Microsoft\WindowsApps;E:\Users\Ruimeng Jin\workspace\apache-maven-3.5.4\bin;;D:\eclipse;
USERNAME=Ruimeng Jin
OS=Windows_NT
PROCESSOR_IDENTIFIER=Intel64 Family 6 Model 42 Stepping 7, GenuineIntel



---------------  S Y S T E M  ---------------

OS: Windows 10.0 , 64 bit Build 17134 (10.0.17134.1)

CPU:total 4 (initial active 4) (2 cores per cpu, 2 threads per core) family 6 model 42 stepping 7, cmov, cx8, fxsr, mmx, sse, sse2, sse3, ssse3, sse4.1, sse4.2, popcnt, avx, clmul, ht, tsc, tscinvbit

Memory: 4k page, physical 4149248k(390376k free), swap 16732160k(5192k free)

vm_info: Java HotSpot(TM) 64-Bit Server VM (25.191-b12) for windows-amd64 JRE (1.8.0_191-b12), built on Oct  6 2018 09:29:03 by "java_re" with MS VC++ 10.0 (VS2010)

time: Sun Nov 18 20:38:03 2018
elapsed time: 8 seconds (0d 0h 0m 8s)

